Log file open, 01/29/21 19:28:38
LogWindows: Failed to load 'aqProf.dll' (GetLastError=126)
LogWindows: File 'aqProf.dll' does not exist
LogWindows: Failed to load 'VtuneApi.dll' (GetLastError=126)
LogWindows: File 'VtuneApi.dll' does not exist
LogWindows: Failed to load 'VtuneApi32e.dll' (GetLastError=126)
LogWindows: File 'VtuneApi32e.dll' does not exist
LogConsoleResponse: Display: Failed to find resolution value strings in scalability ini. Falling back to default.
LogInit: Display: Running engine for game: GGJ_2021
LogPakFile: Registered encryption key '00000000000000000000000000000000': 0 pak files mounted, 0 remain pending
LogPlatformFile: Not using cached read wrapper
LogTaskGraph: Started task graph with 5 named threads and 23 total threads with 3 sets of task threads.
LogStats: Stats thread started at 0.358705
LogD3D11RHI: Loaded GFSDK_Aftermath_Lib.x64.dll
LogICUInternationalization: ICU TimeZone Detection - Raw Offset: +0:00, Platform Override: ''
LogPluginManager: Mounting plugin Paper2D
LogPluginManager: Mounting plugin AISupport
LogPluginManager: Mounting plugin LightPropagationVolume
LogPluginManager: Mounting plugin ActorLayerUtilities
LogPluginManager: Mounting plugin AnimationSharing
LogPluginManager: Mounting plugin CLionSourceCodeAccess
LogPluginManager: Mounting plugin CodeLiteSourceCodeAccess
LogPluginManager: Mounting plugin GitSourceControl
LogPluginManager: Mounting plugin KDevelopSourceCodeAccess
LogPluginManager: Mounting plugin NullSourceCodeAccess
LogPluginManager: Mounting plugin PerforceSourceControl
LogPluginManager: Mounting plugin SubversionSourceControl
LogPluginManager: Mounting plugin UObjectPlugin
LogPluginManager: Mounting plugin VisualStudioCodeSourceCodeAccess
LogPluginManager: Mounting plugin VisualStudioSourceCodeAccess
LogPluginManager: Mounting plugin XCodeSourceCodeAccess
LogPluginManager: Mounting plugin AssetManagerEditor
LogPluginManager: Mounting plugin CryptoKeys
LogPluginManager: Mounting plugin DataValidation
LogPluginManager: Mounting plugin FacialAnimation
LogPluginManager: Mounting plugin GameplayTagsEditor
LogPluginManager: Mounting plugin MacGraphicsSwitching
LogPluginManager: Mounting plugin MaterialAnalyzer
LogPluginManager: Mounting plugin MobileLauncherProfileWizard
LogPluginManager: Mounting plugin PluginBrowser
LogPluginManager: Mounting plugin SpeedTreeImporter
LogPluginManager: Mounting plugin DatasmithContent
LogPluginManager: Mounting plugin VariantManagerContent
LogPluginManager: Mounting plugin AlembicImporter
LogPluginManager: Mounting plugin AppleImageUtils
LogPluginManager: Mounting plugin AppleVision
LogPluginManager: Mounting plugin BackChannel
LogPluginManager: Mounting plugin CharacterAI
LogPluginManager: Mounting plugin GeometryCache
LogPluginManager: Mounting plugin HTML5Networking
LogPluginManager: Mounting plugin ProxyLODPlugin
LogPluginManager: Mounting plugin SkeletalReduction
LogPluginManager: Mounting plugin MagicLeap
LogPluginManager: Mounting plugin MagicLeapMedia
LogPluginManager: Mounting plugin AndroidMedia
LogPluginManager: Mounting plugin AvfMedia
LogPluginManager: Mounting plugin ImgMedia
LogPluginManager: Mounting plugin LinearTimecode
LogPluginManager: Mounting plugin MediaCompositing
LogPluginManager: Mounting plugin MediaPlayerEditor
LogPluginManager: Mounting plugin WebMMedia
LogPluginManager: Mounting plugin WmfMedia
LogPluginManager: Mounting plugin TcpMessaging
LogPluginManager: Mounting plugin UdpMessaging
LogPluginManager: Mounting plugin ActorSequence
LogPluginManager: Mounting plugin LevelSequenceEditor
LogPluginManager: Mounting plugin MatineeToLevelSequence
LogPluginManager: Mounting plugin NetcodeUnitTest
LogPluginManager: Mounting plugin NUTUnrealEngine4
LogPluginManager: Mounting plugin OnlineSubsystemGooglePlay
LogPluginManager: Mounting plugin OnlineSubsystemIOS
LogPluginManager: Mounting plugin OnlineSubsystem
LogPluginManager: Mounting plugin OnlineSubsystemNull
LogPluginManager: Mounting plugin OnlineSubsystemUtils
LogPluginManager: Mounting plugin LauncherChunkInstaller
LogPluginManager: Mounting plugin AndroidDeviceProfileSelector
LogPluginManager: Mounting plugin AndroidMoviePlayer
LogPluginManager: Mounting plugin AndroidPermission
LogPluginManager: Mounting plugin AppleMoviePlayer
LogPluginManager: Mounting plugin ArchVisCharacter
LogPluginManager: Mounting plugin AudioCapture
LogPluginManager: Mounting plugin CableComponent
LogPluginManager: Mounting plugin CustomMeshComponent
LogPluginManager: Mounting plugin EditableMesh
LogPluginManager: Mounting plugin ExampleDeviceProfileSelector
LogPluginManager: Mounting plugin Firebase
LogPluginManager: Mounting plugin GoogleCloudMessaging
LogPluginManager: Mounting plugin IOSDeviceProfileSelector
LogPluginManager: Mounting plugin LinuxDeviceProfileSelector
LogPluginManager: Mounting plugin LocationServicesBPLibrary
LogPluginManager: Mounting plugin MobilePatchingUtils
LogPluginManager: Mounting plugin OculusVR
LogPluginManager: Mounting plugin PhysXVehicles
LogPluginManager: Mounting plugin ProceduralMeshComponent
LogPluginManager: Mounting plugin RuntimePhysXCooking
LogPluginManager: Mounting plugin SignificanceManager
LogPluginManager: Mounting plugin SteamVR
LogPluginManager: Mounting plugin WebMMoviePlayer
LogPluginManager: Mounting plugin WindowsMoviePlayer
LogInit: Using libcurl 7.55.1-DEV
LogInit:  - built for x86_64-pc-win32
LogInit:  - supports SSL with OpenSSL/1.1.1
LogInit:  - supports HTTP deflate (compression) using libz 1.2.8
LogInit:  - other features:
LogInit:      CURL_VERSION_SSL
LogInit:      CURL_VERSION_LIBZ
LogInit:      CURL_VERSION_IPV6
LogInit:      CURL_VERSION_ASYNCHDNS
LogInit:      CURL_VERSION_LARGEFILE
LogInit:      CURL_VERSION_IDN
LogInit:  CurlRequestOptions (configurable via config and command line):
LogInit:  - bVerifyPeer = true  - Libcurl will verify peer certificate
LogInit:  - bUseHttpProxy = false  - Libcurl will NOT use HTTP proxy
LogInit:  - bDontReuseConnections = false  - Libcurl will reuse connections
LogInit:  - MaxHostConnections = 16  - Libcurl will limit the number of connections to a host
LogInit:  - LocalHostAddr = Default
LogInit:  - BufferSize = 65536
LogInit: WinSock: version 1.1 (2.2), MaxSocks=32767, MaxUdp=65467
LogInit: Build: ++UE4+Release-4.22-CL-7053642
LogInit: Engine Version: 4.22.3-7053642+++UE4+Release-4.22
LogInit: Compatible Engine Version: 4.22.0-5660361+++UE4+Release-4.22
LogInit: Net CL: 5660361
LogInit: OS: Windows 10 (Release 2009) (), CPU: Intel(R) Core(TM) i7-6700K CPU @ 4.00GHz, GPU: NVIDIA GeForce GTX 1060 6GB
LogInit: Compiled (64-bit): Jun 18 2019 03:09:11
LogInit: Compiled with Visual C++: 19.16.27025.01
LogInit: Build Configuration: Development
LogInit: Branch Name: ++UE4+Release-4.22
LogInit: Command Line: 
LogInit: Base Directory: D:/Documents/UE_4.22/Engine/Binaries/Win64/
LogInit: Installed Engine Build: 1
LogDevObjectVersion: Number of dev versions registered: 23
LogDevObjectVersion:   Dev-Blueprints (B0D832E4-1F89-4F0D-ACCF-7EB736FD4AA2): 10
LogDevObjectVersion:   Dev-Build (E1C64328-A22C-4D53-A36C-8E866417BD8C): 0
LogDevObjectVersion:   Dev-Core (375EC13C-06E4-48FB-B500-84F0262A717E): 3
LogDevObjectVersion:   Dev-Editor (E4B068ED-F494-42E9-A231-DA0B2E46BB41): 30
LogDevObjectVersion:   Dev-Framework (CFFC743F-43B0-4480-9391-14DF171D2073): 35
LogDevObjectVersion:   Dev-Mobile (B02B49B5-BB20-44E9-A304-32B752E40360): 2
LogDevObjectVersion:   Dev-Networking (A4E4105C-59A1-49B5-A7C5-40C4547EDFEE): 0
LogDevObjectVersion:   Dev-Online (39C831C9-5AE6-47DC-9A44-9C173E1C8E7C): 0
LogDevObjectVersion:   Dev-Physics (78F01B33-EBEA-4F98-B9B4-84EACCB95AA2): 0
LogDevObjectVersion:   Dev-Platform (6631380F-2D4D-43E0-8009-CF276956A95A): 0
LogDevObjectVersion:   Dev-Rendering (12F88B9F-8875-4AFC-A67C-D90C383ABD29): 28
LogDevObjectVersion:   Dev-Sequencer (7B5AE74C-D270-4C10-A958-57980B212A5A): 11
LogDevObjectVersion:   Dev-VR (D7296918-1DD6-4BDD-9DE2-64A83CC13884): 2
LogDevObjectVersion:   Dev-LoadTimes (C2A15278-BFE7-4AFE-6C17-90FF531DF755): 1
LogDevObjectVersion:   Private-Geometry (6EACA3D4-40EC-4CC1-B786-8BED09428FC5): 3
LogDevObjectVersion:   Dev-AnimPhys (29E575DD-E0A3-4627-9D10-D276232CDCEA): 17
LogDevObjectVersion:   Dev-Anim (AF43A65D-7FD3-4947-9873-3E8ED9C1BB05): 2
LogDevObjectVersion:   Dev-ReflectionCapture (6B266CEC-1EC7-4B8F-A30B-E4D90942FC07): 1
LogDevObjectVersion:   Dev-Automation (0DF73D61-A23F-47EA-B727-89E90C41499A): 1
LogDevObjectVersion:   FortniteMain (601D1886-AC64-4F84-AA16-D3DE0DEAC7D6): 25
LogDevObjectVersion:   Dev-Enterprise (9DFFBCD6-494F-0158-E221-12823C92A888): 6
LogDevObjectVersion:   Dev-Niagara (F2AED0AC-9AFE-416F-8664-AA7FFA26D6FC): 1
LogDevObjectVersion:   Dev-Destruction (174F1F0B-B4C6-45A5-B13F-2EE8D0FB917D): 2
LogInit: Presizing for max 16777216 objects, including 0 objects not considered by GC, pre-allocating 0 bytes for permanent pool.
LogInit: Object subsystem initialized
LogConfig: Setting CVar [[con.DebugEarlyDefault:1]]
LogConfig: Setting CVar [[r.setres:1280x720]]
[2021.01.29-19.28.38:763][  0]LogConfig: Setting CVar [[r.VSync:0]]
[2021.01.29-19.28.38:763][  0]LogConfig: Setting CVar [[r.RHICmdBypass:0]]
[2021.01.29-19.28.38:763][  0]LogConfig: Applying CVar settings from Section [/Script/Engine.RendererSettings] File [C:/Users/terry/Desktop/GGJ 21/GGJ_2021/Saved/Config/Windows/Engine.ini]
[2021.01.29-19.28.38:763][  0]LogConfig: Setting CVar [[r.GPUCrashDebugging:0]]
[2021.01.29-19.28.38:763][  0]LogConfig: Applying CVar settings from Section [/Script/Engine.RendererOverrideSettings] File [C:/Users/terry/Desktop/GGJ 21/GGJ_2021/Saved/Config/Windows/Engine.ini]
[2021.01.29-19.28.38:763][  0]LogConfig: Applying CVar settings from Section [/Script/Engine.StreamingSettings] File [C:/Users/terry/Desktop/GGJ 21/GGJ_2021/Saved/Config/Windows/Engine.ini]
[2021.01.29-19.28.38:763][  0]LogConfig: Setting CVar [[s.MinBulkDataSizeForAsyncLoading:131072]]
[2021.01.29-19.28.38:763][  0]LogConfig: Setting CVar [[s.AsyncLoadingThreadEnabled:0]]
[2021.01.29-19.28.38:763][  0]LogConfig: Setting CVar [[s.EventDrivenLoaderEnabled:1]]
[2021.01.29-19.28.38:763][  0]LogConfig: Setting CVar [[s.WarnIfTimeLimitExceeded:0]]
[2021.01.29-19.28.38:763][  0]LogConfig: Setting CVar [[s.TimeLimitExceededMultiplier:1.5]]
[2021.01.29-19.28.38:763][  0]LogConfig: Setting CVar [[s.TimeLimitExceededMinTime:0.005]]
[2021.01.29-19.28.38:763][  0]LogConfig: Setting CVar [[s.UseBackgroundLevelStreaming:1]]
[2021.01.29-19.28.38:763][  0]LogConfig: Setting CVar [[s.PriorityAsyncLoadingExtraTime:15.0]]
[2021.01.29-19.28.38:763][  0]LogConfig: Setting CVar [[s.LevelStreamingActorsUpdateTimeLimit:5.0]]
[2021.01.29-19.28.38:763][  0]LogConfig: Setting CVar [[s.PriorityLevelStreamingActorsUpdateExtraTime:5.0]]
[2021.01.29-19.28.38:763][  0]LogConfig: Setting CVar [[s.LevelStreamingComponentsRegistrationGranularity:10]]
[2021.01.29-19.28.38:763][  0]LogConfig: Setting CVar [[s.UnregisterComponentsTimeLimit:1.0]]
[2021.01.29-19.28.38:763][  0]LogConfig: Setting CVar [[s.LevelStreamingComponentsUnregistrationGranularity:5]]
[2021.01.29-19.28.38:763][  0]LogConfig: Applying CVar settings from Section [/Script/Engine.GarbageCollectionSettings] File [C:/Users/terry/Desktop/GGJ 21/GGJ_2021/Saved/Config/Windows/Engine.ini]
[2021.01.29-19.28.38:763][  0]LogConfig: Setting CVar [[gc.MaxObjectsNotConsideredByGC:1]]
[2021.01.29-19.28.38:763][  0]LogConfig: Setting CVar [[gc.SizeOfPermanentObjectPool:0]]
[2021.01.29-19.28.38:763][  0]LogConfig: Setting CVar [[gc.FlushStreamingOnGC:0]]
[2021.01.29-19.28.38:764][  0]LogConfig: Setting CVar [[gc.NumRetriesBeforeForcingGC:10]]
[2021.01.29-19.28.38:764][  0]LogConfig: Setting CVar [[gc.AllowParallelGC:1]]
[2021.01.29-19.28.38:764][  0]LogConfig: Setting CVar [[gc.TimeBetweenPurgingPendingKillObjects:61.1]]
[2021.01.29-19.28.38:764][  0]LogConfig: Setting CVar [[gc.MaxObjectsInEditor:16777216]]
[2021.01.29-19.28.38:764][  0]LogConfig: Setting CVar [[gc.IncrementalBeginDestroyEnabled:1]]
[2021.01.29-19.28.38:764][  0]LogConfig: Setting CVar [[gc.CreateGCClusters:1]]
[2021.01.29-19.28.38:764][  0]LogConfig: Setting CVar [[gc.MinGCClusterSize:5]]
[2021.01.29-19.28.38:764][  0]LogConfig: Setting CVar [[gc.ActorClusteringEnabled:0]]
[2021.01.29-19.28.38:764][  0]LogConfig: Setting CVar [[gc.BlueprintClusteringEnabled:0]]
[2021.01.29-19.28.38:764][  0]LogConfig: Setting CVar [[gc.UseDisregardForGCOnDedicatedServers:0]]
[2021.01.29-19.28.38:764][  0]LogConfig: Applying CVar settings from Section [/Script/Engine.NetworkSettings] File [C:/Users/terry/Desktop/GGJ 21/GGJ_2021/Saved/Config/Windows/Engine.ini]
[2021.01.29-19.28.38:764][  0]LogConfig: Applying CVar settings from Section [/Script/UnrealEd.CookerSettings] File [C:/Users/terry/Desktop/GGJ 21/GGJ_2021/Saved/Config/Windows/Engine.ini]
[2021.01.29-19.28.38:775][  0]LogConfig: Applying CVar settings from Section [ViewDistanceQuality@3] File [C:/Users/terry/Desktop/GGJ 21/GGJ_2021/Saved/Config/Windows/Scalability.ini]
[2021.01.29-19.28.38:775][  0]LogConfig: Setting CVar [[r.SkeletalMeshLODBias:0]]
[2021.01.29-19.28.38:775][  0]LogConfig: Setting CVar [[r.ViewDistanceScale:1.0]]
[2021.01.29-19.28.38:775][  0]LogConfig: Applying CVar settings from Section [AntiAliasingQuality@3] File [C:/Users/terry/Desktop/GGJ 21/GGJ_2021/Saved/Config/Windows/Scalability.ini]
[2021.01.29-19.28.38:775][  0]LogConfig: Setting CVar [[r.PostProcessAAQuality:4]]
[2021.01.29-19.28.38:775][  0]LogConfig: Applying CVar settings from Section [ShadowQuality@3] File [C:/Users/terry/Desktop/GGJ 21/GGJ_2021/Saved/Config/Windows/Scalability.ini]
[2021.01.29-19.28.38:775][  0]LogConfig: Setting CVar [[r.LightFunctionQuality:1]]
[2021.01.29-19.28.38:775][  0]LogConfig: Setting CVar [[r.ShadowQuality:5]]
[2021.01.29-19.28.38:775][  0]LogConfig: Setting CVar [[r.Shadow.CSM.MaxCascades:10]]
[2021.01.29-19.28.38:775][  0]LogConfig: Setting CVar [[r.Shadow.MaxResolution:2048]]
[2021.01.29-19.28.38:775][  0]LogConfig: Setting CVar [[r.Shadow.MaxCSMResolution:2048]]
[2021.01.29-19.28.38:775][  0]LogConfig: Setting CVar [[r.Shadow.RadiusThreshold:0.01]]
[2021.01.29-19.28.38:775][  0]LogConfig: Setting CVar [[r.Shadow.DistanceScale:1.0]]
[2021.01.29-19.28.38:775][  0]LogConfig: Setting CVar [[r.Shadow.CSM.TransitionScale:1.0]]
[2021.01.29-19.28.38:775][  0]LogConfig: Setting CVar [[r.Shadow.PreShadowResolutionFactor:1.0]]
[2021.01.29-19.28.38:775][  0]LogConfig: Setting CVar [[r.DistanceFieldShadowing:1]]
[2021.01.29-19.28.38:775][  0]LogConfig: Setting CVar [[r.DistanceFieldAO:1]]
[2021.01.29-19.28.38:775][  0]LogConfig: Setting CVar [[r.AOQuality:2]]
[2021.01.29-19.28.38:775][  0]LogConfig: Setting CVar [[r.VolumetricFog:1]]
[2021.01.29-19.28.38:775][  0]LogConfig: Setting CVar [[r.VolumetricFog.GridPixelSize:8]]
[2021.01.29-19.28.38:775][  0]LogConfig: Setting CVar [[r.VolumetricFog.GridSizeZ:128]]
[2021.01.29-19.28.38:775][  0]LogConfig: Setting CVar [[r.VolumetricFog.HistoryMissSupersampleCount:4]]
[2021.01.29-19.28.38:775][  0]LogConfig: Setting CVar [[r.LightMaxDrawDistanceScale:1]]
[2021.01.29-19.28.38:775][  0]LogConfig: Setting CVar [[r.CapsuleShadows:1]]
[2021.01.29-19.28.38:775][  0]LogConfig: Applying CVar settings from Section [PostProcessQuality@3] File [C:/Users/terry/Desktop/GGJ 21/GGJ_2021/Saved/Config/Windows/Scalability.ini]
[2021.01.29-19.28.38:775][  0]LogConfig: Setting CVar [[r.MotionBlurQuality:4]]
[2021.01.29-19.28.38:775][  0]LogConfig: Setting CVar [[r.AmbientOcclusionMipLevelFactor:0.4]]
[2021.01.29-19.28.38:775][  0]LogConfig: Setting CVar [[r.AmbientOcclusionMaxQuality:100]]
[2021.01.29-19.28.38:775][  0]LogConfig: Setting CVar [[r.AmbientOcclusionLevels:-1]]
[2021.01.29-19.28.38:776][  0]LogConfig: Setting CVar [[r.AmbientOcclusionRadiusScale:1.0]]
[2021.01.29-19.28.38:776][  0]LogConfig: Setting CVar [[r.DepthOfFieldQuality:2]]
[2021.01.29-19.28.38:776][  0]LogConfig: Setting CVar [[r.RenderTargetPoolMin:400]]
[2021.01.29-19.28.38:776][  0]LogConfig: Setting CVar [[r.LensFlareQuality:2]]
[2021.01.29-19.28.38:776][  0]LogConfig: Setting CVar [[r.SceneColorFringeQuality:1]]
[2021.01.29-19.28.38:776][  0]LogConfig: Setting CVar [[r.EyeAdaptationQuality:2]]
[2021.01.29-19.28.38:776][  0]LogConfig: Setting CVar [[r.BloomQuality:5]]
[2021.01.29-19.28.38:776][  0]LogConfig: Setting CVar [[r.FastBlurThreshold:100]]
[2021.01.29-19.28.38:776][  0]LogConfig: Setting CVar [[r.Upscale.Quality:3]]
[2021.01.29-19.28.38:776][  0]LogConfig: Setting CVar [[r.Tonemapper.GrainQuantization:1]]
[2021.01.29-19.28.38:776][  0]LogConfig: Setting CVar [[r.LightShaftQuality:1]]
[2021.01.29-19.28.38:776][  0]LogConfig: Setting CVar [[r.Filter.SizeScale:1]]
[2021.01.29-19.28.38:776][  0]LogConfig: Setting CVar [[r.Tonemapper.Quality:5]]
[2021.01.29-19.28.38:776][  0]LogConfig: Setting CVar [[r.DOF.Gather.AccumulatorQuality:1        ; higher gathering accumulator quality]]
[2021.01.29-19.28.38:776][  0]LogConfig: Setting CVar [[r.DOF.Gather.PostfilterMethod:1          ; Median3x3 postfilering method]]
[2021.01.29-19.28.38:776][  0]LogConfig: Setting CVar [[r.DOF.Gather.EnableBokehSettings:0       ; no bokeh simulation when gathering]]
[2021.01.29-19.28.38:776][  0]LogConfig: Setting CVar [[r.DOF.Gather.RingCount:4                 ; medium number of samples when gathering]]
[2021.01.29-19.28.38:776][  0]LogConfig: Setting CVar [[r.DOF.Scatter.ForegroundCompositing:1    ; additive foreground scattering]]
[2021.01.29-19.28.38:776][  0]LogConfig: Setting CVar [[r.DOF.Scatter.BackgroundCompositing:2    ; additive background scattering]]
[2021.01.29-19.28.38:776][  0]LogConfig: Setting CVar [[r.DOF.Scatter.EnableBokehSettings:1      ; bokeh simulation when scattering]]
[2021.01.29-19.28.38:776][  0]LogConfig: Setting CVar [[r.DOF.Scatter.MaxSpriteRatio:0.1         ; only a maximum of 10% of scattered bokeh]]
[2021.01.29-19.28.38:776][  0]LogConfig: Setting CVar [[r.DOF.Recombine.Quality:1                ; cheap slight out of focus]]
[2021.01.29-19.28.38:776][  0]LogConfig: Setting CVar [[r.DOF.Recombine.EnableBokehSettings:0    ; no bokeh simulation on slight out of focus]]
[2021.01.29-19.28.38:776][  0]LogConfig: Setting CVar [[r.DOF.TemporalAAQuality:1                ; more stable temporal accumulation]]
[2021.01.29-19.28.38:776][  0]LogConfig: Setting CVar [[r.DOF.Kernel.MaxForegroundRadius:0.025]]
[2021.01.29-19.28.38:776][  0]LogConfig: Setting CVar [[r.DOF.Kernel.MaxBackgroundRadius:0.025]]
[2021.01.29-19.28.38:776][  0]LogConfig: Applying CVar settings from Section [TextureQuality@3] File [C:/Users/terry/Desktop/GGJ 21/GGJ_2021/Saved/Config/Windows/Scalability.ini]
[2021.01.29-19.28.38:776][  0]LogConfig: Setting CVar [[r.Streaming.MipBias:0]]
[2021.01.29-19.28.38:776][  0]LogConfig: Setting CVar [[r.Streaming.AmortizeCPUToGPUCopy:0]]
[2021.01.29-19.28.38:776][  0]LogConfig: Setting CVar [[r.Streaming.MaxNumTexturesToStreamPerFrame:0]]
[2021.01.29-19.28.38:777][  0]LogConfig: Setting CVar [[r.Streaming.Boost:1]]
[2021.01.29-19.28.38:777][  0]LogConfig: Setting CVar [[r.MaxAnisotropy:8]]
[2021.01.29-19.28.38:777][  0]LogConfig: Setting CVar [[r.Streaming.LimitPoolSizeToVRAM:0]]
[2021.01.29-19.28.38:777][  0]LogConfig: Setting CVar [[r.Streaming.PoolSize:1000]]
[2021.01.29-19.28.38:777][  0]LogConfig: Setting CVar [[r.Streaming.MaxEffectiveScreenSize:0]]
[2021.01.29-19.28.38:777][  0]LogConfig: Applying CVar settings from Section [EffectsQuality@3] File [C:/Users/terry/Desktop/GGJ 21/GGJ_2021/Saved/Config/Windows/Scalability.ini]
[2021.01.29-19.28.38:777][  0]LogConfig: Setting CVar [[r.TranslucencyLightingVolumeDim:64]]
[2021.01.29-19.28.38:777][  0]LogConfig: Setting CVar [[r.RefractionQuality:2]]
[2021.01.29-19.28.38:777][  0]LogConfig: Setting CVar [[r.SSR.Quality:3]]
[2021.01.29-19.28.38:777][  0]LogConfig: Setting CVar [[r.SceneColorFormat:4]]
[2021.01.29-19.28.38:777][  0]LogConfig: Setting CVar [[r.DetailMode:2]]
[2021.01.29-19.28.38:777][  0]LogConfig: Setting CVar [[r.TranslucencyVolumeBlur:1]]
[2021.01.29-19.28.38:777][  0]LogConfig: Setting CVar [[r.MaterialQualityLevel:1 ; High quality]]
[2021.01.29-19.28.38:777][  0]LogConfig: Setting CVar [[r.SSS.Scale:1]]
[2021.01.29-19.28.38:777][  0]LogConfig: Setting CVar [[r.SSS.SampleSet:2]]
[2021.01.29-19.28.38:777][  0]LogConfig: Setting CVar [[r.SSS.Quality:1]]
[2021.01.29-19.28.38:777][  0]LogConfig: Setting CVar [[r.SSS.HalfRes:1]]
[2021.01.29-19.28.38:777][  0]LogConfig: Setting CVar [[r.EmitterSpawnRateScale:1.0]]
[2021.01.29-19.28.38:777][  0]LogConfig: Setting CVar [[r.ParticleLightQuality:2]]
[2021.01.29-19.28.38:777][  0]LogConfig: Applying CVar settings from Section [FoliageQuality@3] File [C:/Users/terry/Desktop/GGJ 21/GGJ_2021/Saved/Config/Windows/Scalability.ini]
[2021.01.29-19.28.38:777][  0]LogConfig: Setting CVar [[foliage.DensityScale:1.0]]
[2021.01.29-19.28.38:777][  0]LogConfig: Setting CVar [[grass.DensityScale:1.0]]
[2021.01.29-19.28.38:777][  0]LogInit: Selected Device Profile: [Windows]
[2021.01.29-19.28.38:777][  0]LogInit: Applying CVar settings loaded from the selected device profile: [Windows]
[2021.01.29-19.28.38:806][  0]LogHAL: Display: Platform has ~ 32 GB [34195087360 / 34359738368 / 32], which maps to Largest [LargestMinGB=32, LargerMinGB=12, DefaultMinGB=8, SmallerMinGB=6, SmallestMinGB=0)
[2021.01.29-19.28.38:806][  0]LogConfig: Setting CVar [[r.Vulkan.UseRealUBs:0		; Required until we fix HLR fall-out]]
[2021.01.29-19.28.38:806][  0]LogInit: Going up to parent DeviceProfile []
[2021.01.29-19.28.38:806][  0]LogConfig: Applying CVar settings from Section [ViewDistanceQuality@3] File [C:/Users/terry/Desktop/GGJ 21/GGJ_2021/Saved/Config/Windows/Scalability.ini]
[2021.01.29-19.28.38:806][  0]LogConfig: Setting CVar [[r.SkeletalMeshLODBias:0]]
[2021.01.29-19.28.38:806][  0]LogConfig: Setting CVar [[r.ViewDistanceScale:1.0]]
[2021.01.29-19.28.38:806][  0]LogConfig: Applying CVar settings from Section [AntiAliasingQuality@3] File [C:/Users/terry/Desktop/GGJ 21/GGJ_2021/Saved/Config/Windows/Scalability.ini]
[2021.01.29-19.28.38:806][  0]LogConfig: Setting CVar [[r.PostProcessAAQuality:4]]
[2021.01.29-19.28.38:806][  0]LogConfig: Applying CVar settings from Section [ShadowQuality@3] File [C:/Users/terry/Desktop/GGJ 21/GGJ_2021/Saved/Config/Windows/Scalability.ini]
[2021.01.29-19.28.38:806][  0]LogConfig: Setting CVar [[r.LightFunctionQuality:1]]
[2021.01.29-19.28.38:806][  0]LogConfig: Setting CVar [[r.ShadowQuality:5]]
[2021.01.29-19.28.38:806][  0]LogConfig: Setting CVar [[r.Shadow.CSM.MaxCascades:10]]
[2021.01.29-19.28.38:806][  0]LogConfig: Setting CVar [[r.Shadow.MaxResolution:2048]]
[2021.01.29-19.28.38:806][  0]LogConfig: Setting CVar [[r.Shadow.MaxCSMResolution:2048]]
[2021.01.29-19.28.38:807][  0]LogConfig: Setting CVar [[r.Shadow.RadiusThreshold:0.01]]
[2021.01.29-19.28.38:807][  0]LogConfig: Setting CVar [[r.Shadow.DistanceScale:1.0]]
[2021.01.29-19.28.38:807][  0]LogConfig: Setting CVar [[r.Shadow.CSM.TransitionScale:1.0]]
[2021.01.29-19.28.38:807][  0]LogConfig: Setting CVar [[r.Shadow.PreShadowResolutionFactor:1.0]]
[2021.01.29-19.28.38:807][  0]LogConfig: Setting CVar [[r.DistanceFieldShadowing:1]]
[2021.01.29-19.28.38:807][  0]LogConfig: Setting CVar [[r.DistanceFieldAO:1]]
[2021.01.29-19.28.38:807][  0]LogConfig: Setting CVar [[r.AOQuality:2]]
[2021.01.29-19.28.38:807][  0]LogConfig: Setting CVar [[r.VolumetricFog:1]]
[2021.01.29-19.28.38:807][  0]LogConfig: Setting CVar [[r.VolumetricFog.GridPixelSize:8]]
[2021.01.29-19.28.38:807][  0]LogConfig: Setting CVar [[r.VolumetricFog.GridSizeZ:128]]
[2021.01.29-19.28.38:807][  0]LogConfig: Setting CVar [[r.VolumetricFog.HistoryMissSupersampleCount:4]]
[2021.01.29-19.28.38:807][  0]LogConfig: Setting CVar [[r.LightMaxDrawDistanceScale:1]]
[2021.01.29-19.28.38:807][  0]LogConfig: Setting CVar [[r.CapsuleShadows:1]]
[2021.01.29-19.28.38:807][  0]LogConfig: Applying CVar settings from Section [PostProcessQuality@3] File [C:/Users/terry/Desktop/GGJ 21/GGJ_2021/Saved/Config/Windows/Scalability.ini]
[2021.01.29-19.28.38:807][  0]LogConfig: Setting CVar [[r.MotionBlurQuality:4]]
[2021.01.29-19.28.38:807][  0]LogConfig: Setting CVar [[r.AmbientOcclusionMipLevelFactor:0.4]]
[2021.01.29-19.28.38:807][  0]LogConfig: Setting CVar [[r.AmbientOcclusionMaxQuality:100]]
[2021.01.29-19.28.38:807][  0]LogConfig: Setting CVar [[r.AmbientOcclusionLevels:-1]]
[2021.01.29-19.28.38:807][  0]LogConfig: Setting CVar [[r.AmbientOcclusionRadiusScale:1.0]]
[2021.01.29-19.28.38:808][  0]LogConfig: Setting CVar [[r.DepthOfFieldQuality:2]]
[2021.01.29-19.28.38:808][  0]LogConfig: Setting CVar [[r.RenderTargetPoolMin:400]]
[2021.01.29-19.28.38:808][  0]LogConfig: Setting CVar [[r.LensFlareQuality:2]]
[2021.01.29-19.28.38:808][  0]LogConfig: Setting CVar [[r.SceneColorFringeQuality:1]]
[2021.01.29-19.28.38:808][  0]LogConfig: Setting CVar [[r.EyeAdaptationQuality:2]]
[2021.01.29-19.28.38:808][  0]LogConfig: Setting CVar [[r.BloomQuality:5]]
[2021.01.29-19.28.38:808][  0]LogConfig: Setting CVar [[r.FastBlurThreshold:100]]
[2021.01.29-19.28.38:808][  0]LogConfig: Setting CVar [[r.Upscale.Quality:3]]
[2021.01.29-19.28.38:808][  0]LogConfig: Setting CVar [[r.Tonemapper.GrainQuantization:1]]
[2021.01.29-19.28.38:808][  0]LogConfig: Setting CVar [[r.LightShaftQuality:1]]
[2021.01.29-19.28.38:808][  0]LogConfig: Setting CVar [[r.Filter.SizeScale:1]]
[2021.01.29-19.28.38:808][  0]LogConfig: Setting CVar [[r.Tonemapper.Quality:5]]
[2021.01.29-19.28.38:808][  0]LogConfig: Setting CVar [[r.DOF.Gather.AccumulatorQuality:1        ; higher gathering accumulator quality]]
[2021.01.29-19.28.38:808][  0]LogConfig: Setting CVar [[r.DOF.Gather.PostfilterMethod:1          ; Median3x3 postfilering method]]
[2021.01.29-19.28.38:808][  0]LogConfig: Setting CVar [[r.DOF.Gather.EnableBokehSettings:0       ; no bokeh simulation when gathering]]
[2021.01.29-19.28.38:808][  0]LogConfig: Setting CVar [[r.DOF.Gather.RingCount:4                 ; medium number of samples when gathering]]
[2021.01.29-19.28.38:808][  0]LogConfig: Setting CVar [[r.DOF.Scatter.ForegroundCompositing:1    ; additive foreground scattering]]
[2021.01.29-19.28.38:808][  0]LogConfig: Setting CVar [[r.DOF.Scatter.BackgroundCompositing:2    ; additive background scattering]]
[2021.01.29-19.28.38:808][  0]LogConfig: Setting CVar [[r.DOF.Scatter.EnableBokehSettings:1      ; bokeh simulation when scattering]]
[2021.01.29-19.28.38:808][  0]LogConfig: Setting CVar [[r.DOF.Scatter.MaxSpriteRatio:0.1         ; only a maximum of 10% of scattered bokeh]]
[2021.01.29-19.28.38:808][  0]LogConfig: Setting CVar [[r.DOF.Recombine.Quality:1                ; cheap slight out of focus]]
[2021.01.29-19.28.38:808][  0]LogConfig: Setting CVar [[r.DOF.Recombine.EnableBokehSettings:0    ; no bokeh simulation on slight out of focus]]
[2021.01.29-19.28.38:808][  0]LogConfig: Setting CVar [[r.DOF.TemporalAAQuality:1                ; more stable temporal accumulation]]
[2021.01.29-19.28.38:809][  0]LogConfig: Setting CVar [[r.DOF.Kernel.MaxForegroundRadius:0.025]]
[2021.01.29-19.28.38:809][  0]LogConfig: Setting CVar [[r.DOF.Kernel.MaxBackgroundRadius:0.025]]
[2021.01.29-19.28.38:809][  0]LogConfig: Applying CVar settings from Section [TextureQuality@3] File [C:/Users/terry/Desktop/GGJ 21/GGJ_2021/Saved/Config/Windows/Scalability.ini]
[2021.01.29-19.28.38:809][  0]LogConfig: Setting CVar [[r.Streaming.MipBias:0]]
[2021.01.29-19.28.38:809][  0]LogConfig: Setting CVar [[r.Streaming.AmortizeCPUToGPUCopy:0]]
[2021.01.29-19.28.38:809][  0]LogConfig: Setting CVar [[r.Streaming.MaxNumTexturesToStreamPerFrame:0]]
[2021.01.29-19.28.38:809][  0]LogConfig: Setting CVar [[r.Streaming.Boost:1]]
[2021.01.29-19.28.38:809][  0]LogConfig: Setting CVar [[r.MaxAnisotropy:8]]
[2021.01.29-19.28.38:809][  0]LogConfig: Setting CVar [[r.Streaming.LimitPoolSizeToVRAM:0]]
[2021.01.29-19.28.38:809][  0]LogConfig: Setting CVar [[r.Streaming.PoolSize:1000]]
[2021.01.29-19.28.38:809][  0]LogConfig: Setting CVar [[r.Streaming.MaxEffectiveScreenSize:0]]
[2021.01.29-19.28.38:809][  0]LogConfig: Applying CVar settings from Section [EffectsQuality@3] File [C:/Users/terry/Desktop/GGJ 21/GGJ_2021/Saved/Config/Windows/Scalability.ini]
[2021.01.29-19.28.38:809][  0]LogConfig: Setting CVar [[r.TranslucencyLightingVolumeDim:64]]
[2021.01.29-19.28.38:809][  0]LogConfig: Setting CVar [[r.RefractionQuality:2]]
[2021.01.29-19.28.38:809][  0]LogConfig: Setting CVar [[r.SSR.Quality:3]]
[2021.01.29-19.28.38:809][  0]LogConfig: Setting CVar [[r.SceneColorFormat:4]]
[2021.01.29-19.28.38:809][  0]LogConfig: Setting CVar [[r.DetailMode:2]]
[2021.01.29-19.28.38:809][  0]LogConfig: Setting CVar [[r.TranslucencyVolumeBlur:1]]
[2021.01.29-19.28.38:809][  0]LogConfig: Setting CVar [[r.MaterialQualityLevel:1 ; High quality]]
[2021.01.29-19.28.38:809][  0]LogConfig: Setting CVar [[r.SSS.Scale:1]]
[2021.01.29-19.28.38:809][  0]LogConfig: Setting CVar [[r.SSS.SampleSet:2]]
[2021.01.29-19.28.38:809][  0]LogConfig: Setting CVar [[r.SSS.Quality:1]]
[2021.01.29-19.28.38:809][  0]LogConfig: Setting CVar [[r.SSS.HalfRes:1]]
[2021.01.29-19.28.38:809][  0]LogConfig: Setting CVar [[r.EmitterSpawnRateScale:1.0]]
[2021.01.29-19.28.38:809][  0]LogConfig: Setting CVar [[r.ParticleLightQuality:2]]
[2021.01.29-19.28.38:809][  0]LogConfig: Applying CVar settings from Section [FoliageQuality@3] File [C:/Users/terry/Desktop/GGJ 21/GGJ_2021/Saved/Config/Windows/Scalability.ini]
[2021.01.29-19.28.38:809][  0]LogConfig: Setting CVar [[foliage.DensityScale:1.0]]
[2021.01.29-19.28.38:809][  0]LogConfig: Setting CVar [[grass.DensityScale:1.0]]
[2021.01.29-19.28.38:809][  0]LogConfig: Applying CVar settings from Section [Startup] File [../../../Engine/Config/ConsoleVariables.ini]
[2021.01.29-19.28.38:810][  0]LogConfig: Setting CVar [[net.UseAdaptiveNetUpdateFrequency:0]]
[2021.01.29-19.28.38:810][  0]LogConfig: Setting CVar [[p.chaos.AllowCreatePhysxBodies:1]]
[2021.01.29-19.28.38:810][  0]LogConfig: Applying CVar settings from Section [ConsoleVariables] File [C:/Users/terry/Desktop/GGJ 21/GGJ_2021/Saved/Config/Windows/Engine.ini]
[2021.01.29-19.28.38:810][  0]LogInit: Computer: ETHOMELESS-SHEL
[2021.01.29-19.28.38:810][  0]LogInit: User: terry
[2021.01.29-19.28.38:810][  0]LogInit: CPU Page size=4096, Cores=4
[2021.01.29-19.28.38:810][  0]LogInit: High frequency timer resolution =10.000000 MHz
[2021.01.29-19.28.38:811][  0]LogMemory: Memory total: Physical=31.8GB (32GB approx)
[2021.01.29-19.28.38:812][  0]LogMemory: Platform Memory Stats for Windows
[2021.01.29-19.28.38:812][  0]LogMemory: Process Physical Memory: 97.21 MB used, 97.21 MB peak
[2021.01.29-19.28.38:812][  0]LogMemory: Process Virtual Memory: 90.50 MB used, 90.50 MB peak
[2021.01.29-19.28.38:812][  0]LogMemory: Physical Memory: 8417.95 MB used,  24193.03 MB free, 32610.98 MB total
[2021.01.29-19.28.38:812][  0]LogMemory: Virtual Memory: 4644.12 MB used,  134213080.00 MB free, 134217728.00 MB total
[2021.01.29-19.28.38:875][  0]LogInit: Using OS detected language (en-GB).
[2021.01.29-19.28.38:875][  0]LogInit: Using OS detected locale (en-GB).
[2021.01.29-19.28.38:876][  0]LogTextLocalizationManager: No specific localization for 'en-GB' exists, so the 'en' localization will be used.
[2021.01.29-19.28.39:000][  0]LogInit: Setting process to per monitor DPI aware
[2021.01.29-19.28.39:038][  0]LogSlate: New Slate User Created.  User Index 0, Is Virtual User: 0
[2021.01.29-19.28.39:038][  0]LogSlate: Slate User Registered.  User Index 0, Is Virtual User: 0
[2021.01.29-19.28.39:226][  0]LogHMD: Failed to initialize OpenVR with code 110
[2021.01.29-19.28.39:226][  0]LogD3D11RHI: D3D11 adapters:
[2021.01.29-19.28.39:311][  0]LogD3D11RHI:    0. 'NVIDIA GeForce GTX 1060 6GB' (Feature Level 11_0)
[2021.01.29-19.28.39:311][  0]LogD3D11RHI:       6052/0/16305 MB DedicatedVideo/DedicatedSystem/SharedSystem, Outputs:2, VendorId:0x10de
[2021.01.29-19.28.39:326][  0]LogD3D11RHI:    1. 'Intel(R) HD Graphics 530' (Feature Level 11_0)
[2021.01.29-19.28.39:326][  0]LogD3D11RHI:       128/0/16305 MB DedicatedVideo/DedicatedSystem/SharedSystem, Outputs:0, VendorId:0x8086
[2021.01.29-19.28.39:328][  0]LogD3D11RHI:    2. 'Microsoft Basic Render Driver' (Feature Level 11_0)
[2021.01.29-19.28.39:328][  0]LogD3D11RHI:       0/0/16305 MB DedicatedVideo/DedicatedSystem/SharedSystem, Outputs:0, VendorId:0x1414
[2021.01.29-19.28.39:328][  0]LogD3D11RHI: Chosen D3D11 Adapter: 0
[2021.01.29-19.28.39:333][  0]LogD3D11RHI: Creating new Direct3DDevice
[2021.01.29-19.28.39:333][  0]LogD3D11RHI:     GPU DeviceId: 0x1c03 (for the marketing name, search the web for "GPU Device Id")
[2021.01.29-19.28.39:333][  0]LogWindows: EnumDisplayDevices:
[2021.01.29-19.28.39:333][  0]LogWindows:    0. 'NVIDIA GeForce GTX 1060 6GB' (P:1 D:1)
[2021.01.29-19.28.39:333][  0]LogWindows:    1. 'NVIDIA GeForce GTX 1060 6GB' (P:0 D:1)
[2021.01.29-19.28.39:333][  0]LogWindows:    2. 'NVIDIA GeForce GTX 1060 6GB' (P:0 D:0)
[2021.01.29-19.28.39:334][  0]LogWindows:    3. 'NVIDIA GeForce GTX 1060 6GB' (P:0 D:0)
[2021.01.29-19.28.39:334][  0]LogWindows:    4. 'Intel(R) HD Graphics 530' (P:0 D:0)
[2021.01.29-19.28.39:334][  0]LogWindows:    5. 'Intel(R) HD Graphics 530' (P:0 D:0)
[2021.01.29-19.28.39:334][  0]LogWindows:    6. 'Intel(R) HD Graphics 530' (P:0 D:0)
[2021.01.29-19.28.39:334][  0]LogWindows: DebugString: PrimaryIsNotTheChoosenAdapter PrimaryIsNotTheChoosenAdapter PrimaryIsNotTheChoosenAdapter FoundDriverCount:4 
[2021.01.29-19.28.39:334][  0]LogD3D11RHI:     Adapter Name: NVIDIA GeForce GTX 1060 6GB
[2021.01.29-19.28.39:334][  0]LogD3D11RHI:   Driver Version: 461.40 (internal:27.21.14.6140, unified:461.40)
[2021.01.29-19.28.39:334][  0]LogD3D11RHI:      Driver Date: 1-22-2021
[2021.01.29-19.28.39:334][  0]LogRHI: Texture pool is 4236 MB (70% of 6052 MB)
[2021.01.29-19.28.39:403][  0]LogD3D11RHI: Async texture creation enabled
[2021.01.29-19.28.39:407][  0]LogRendererCore: FGlobalReadBuffer::InitRHI
[2021.01.29-19.28.39:407][  0]LogRendererCore: FGlobalReadBuffer::InitRHI
[2021.01.29-19.28.39:407][  0]LogRendererCore: FGlobalReadBuffer::InitRHI
[2021.01.29-19.28.39:415][  0]LogD3D11RHI: GPU Timing Frequency: 1000.000000 (Debug: 2 1)
[2021.01.29-19.28.39:749][  0]LogTemp: Display: Module 'AllDesktopTargetPlatform' loaded TargetPlatform 'AllDesktop'
[2021.01.29-19.28.39:759][  0]LogTemp: Display: Module 'MacClientTargetPlatform' loaded TargetPlatform 'MacClient'
[2021.01.29-19.28.39:770][  0]LogTemp: Display: Module 'MacNoEditorTargetPlatform' loaded TargetPlatform 'MacNoEditor'
[2021.01.29-19.28.39:781][  0]LogTemp: Display: Module 'MacServerTargetPlatform' loaded TargetPlatform 'MacServer'
[2021.01.29-19.28.39:792][  0]LogTemp: Display: Module 'MacTargetPlatform' loaded TargetPlatform 'Mac'
[2021.01.29-19.28.39:803][  0]LogTemp: Display: Module 'WindowsClientTargetPlatform' loaded TargetPlatform 'WindowsClient'
[2021.01.29-19.28.39:813][  0]LogTemp: Display: Module 'WindowsNoEditorTargetPlatform' loaded TargetPlatform 'WindowsNoEditor'
[2021.01.29-19.28.39:824][  0]LogTemp: Display: Module 'WindowsServerTargetPlatform' loaded TargetPlatform 'WindowsServer'
[2021.01.29-19.28.39:829][  0]LogTemp: Display: Module 'WindowsTargetPlatform' loaded TargetPlatform 'Windows'
[2021.01.29-19.28.39:896][  0]LogTemp: Display: Module 'AndroidTargetPlatform' loaded TargetPlatform 'Android'
[2021.01.29-19.28.39:896][  0]LogTemp: Display: Module 'AndroidTargetPlatform' loaded TargetPlatform 'Android_ASTC'
[2021.01.29-19.28.39:896][  0]LogTemp: Display: Module 'AndroidTargetPlatform' loaded TargetPlatform 'Android_ATC'
[2021.01.29-19.28.39:896][  0]LogTemp: Display: Module 'AndroidTargetPlatform' loaded TargetPlatform 'Android_DXT'
[2021.01.29-19.28.39:896][  0]LogTemp: Display: Module 'AndroidTargetPlatform' loaded TargetPlatform 'Android_ETC1'
[2021.01.29-19.28.39:896][  0]LogTemp: Display: Module 'AndroidTargetPlatform' loaded TargetPlatform 'Android_ETC1a'
[2021.01.29-19.28.39:896][  0]LogTemp: Display: Module 'AndroidTargetPlatform' loaded TargetPlatform 'Android_ETC2'
[2021.01.29-19.28.39:896][  0]LogTemp: Display: Module 'AndroidTargetPlatform' loaded TargetPlatform 'Android_PVRTC'
[2021.01.29-19.28.39:896][  0]LogTemp: Display: Module 'AndroidTargetPlatform' loaded TargetPlatform 'AndroidClient'
[2021.01.29-19.28.39:896][  0]LogTemp: Display: Module 'AndroidTargetPlatform' loaded TargetPlatform 'Android_ASTCClient'
[2021.01.29-19.28.39:896][  0]LogTemp: Display: Module 'AndroidTargetPlatform' loaded TargetPlatform 'Android_ATCClient'
[2021.01.29-19.28.39:896][  0]LogTemp: Display: Module 'AndroidTargetPlatform' loaded TargetPlatform 'Android_DXTClient'
[2021.01.29-19.28.39:896][  0]LogTemp: Display: Module 'AndroidTargetPlatform' loaded TargetPlatform 'Android_ETC1Client'
[2021.01.29-19.28.39:896][  0]LogTemp: Display: Module 'AndroidTargetPlatform' loaded TargetPlatform 'Android_ETC1aClient'
[2021.01.29-19.28.39:896][  0]LogTemp: Display: Module 'AndroidTargetPlatform' loaded TargetPlatform 'Android_ETC2Client'
[2021.01.29-19.28.39:896][  0]LogTemp: Display: Module 'AndroidTargetPlatform' loaded TargetPlatform 'Android_PVRTCClient'
[2021.01.29-19.28.39:896][  0]LogTemp: Display: Module 'AndroidTargetPlatform' loaded TargetPlatform 'Android_Multi'
[2021.01.29-19.28.39:896][  0]LogTemp: Display: Module 'AndroidTargetPlatform' loaded TargetPlatform 'Android_MultiClient'
[2021.01.29-19.28.39:898][  0]LogTemp: Display: Module 'HTML5TargetPlatform' loaded TargetPlatform 'HTML5'
[2021.01.29-19.28.39:941][  0]LogTemp: Display: Module 'IOSTargetPlatform' loaded TargetPlatform 'IOSClient'
[2021.01.29-19.28.39:941][  0]LogTemp: Display: Module 'IOSTargetPlatform' loaded TargetPlatform 'IOS'
[2021.01.29-19.28.39:961][  0]LogTemp: Display: Module 'TVOSTargetPlatform' loaded TargetPlatform 'TVOSClient'
[2021.01.29-19.28.39:961][  0]LogTemp: Display: Module 'TVOSTargetPlatform' loaded TargetPlatform 'TVOS'
[2021.01.29-19.28.39:971][  0]LogTemp: Display: Module 'LinuxClientTargetPlatform' loaded TargetPlatform 'LinuxClient'
[2021.01.29-19.28.39:981][  0]LogTemp: Display: Module 'LinuxNoEditorTargetPlatform' loaded TargetPlatform 'LinuxNoEditor'
[2021.01.29-19.28.39:991][  0]LogTemp: Display: Module 'LinuxServerTargetPlatform' loaded TargetPlatform 'LinuxServer'
[2021.01.29-19.28.40:004][  0]LogTemp: Display: Module 'LinuxTargetPlatform' loaded TargetPlatform 'Linux'
[2021.01.29-19.28.40:039][  0]LogTemp: Display: Module 'LuminTargetPlatform' loaded TargetPlatform 'Lumin'
[2021.01.29-19.28.40:039][  0]LogTemp: Display: Module 'LuminTargetPlatform' loaded TargetPlatform 'LuminClient'
[2021.01.29-19.28.40:039][  0]LogTargetPlatformManager: Display: Building Assets For Windows
[2021.01.29-19.28.40:046][  0]LogAudioDebug: Display: Lib vorbis DLL was dynamically loaded.
[2021.01.29-19.28.40:092][  0]LogShaderCompilers: Guid format shader working directory is 8 characters bigger than the processId version (C:/Users/terry/Desktop/GGJ 21/GGJ_2021/Intermediate/Shaders/WorkingDirectory/7692/).
[2021.01.29-19.28.40:092][  0]LogShaderCompilers: Cleaned the shader compiler working directory 'C:/Users/terry/AppData/Local/Temp/UnrealShaderWorkingDir/737A28B84ED4697C8D87CDAA853B9906/'.
[2021.01.29-19.28.40:094][  0]LogXGEController: Cleaning working directory: C:/Users/terry/AppData/Local/Temp/UnrealXGEWorkingDir/
[2021.01.29-19.28.40:094][  0]LogXGEController: Cannot use XGE Controller as Incredibuild is not installed on this machine.
[2021.01.29-19.28.40:094][  0]LogShaderCompilers: Cannot use XGE Shader Compiler as Incredibuild is not installed on this machine.
[2021.01.29-19.28.40:094][  0]LogShaderCompilers: Display: Using Local Shader Compiler.
[2021.01.29-19.28.40:515][  0]LogDerivedDataCache: Display: Max Cache Size: 512 MB
[2021.01.29-19.28.40:553][  0]LogDerivedDataCache: Loaded boot cache 0.04s 71MB C:/Users/terry/AppData/Local/UnrealEngine/4.22/DerivedDataCache/Boot.ddc.
[2021.01.29-19.28.40:553][  0]LogDerivedDataCache: Display: Loaded Boot cache: C:/Users/terry/AppData/Local/UnrealEngine/4.22/DerivedDataCache/Boot.ddc
[2021.01.29-19.28.40:553][  0]LogDerivedDataCache: FDerivedDataBackendGraph:  Pak pak cache file C:/Users/terry/Desktop/GGJ 21/GGJ_2021/DerivedDataCache/DDC.ddp not found, will not use a pak cache.
[2021.01.29-19.28.40:553][  0]LogDerivedDataCache: Unable to find inner node Pak for hierarchical cache Hierarchy.
[2021.01.29-19.28.40:553][  0]LogDerivedDataCache: FDerivedDataBackendGraph:  CompressedPak pak cache file C:/Users/terry/Desktop/GGJ 21/GGJ_2021/DerivedDataCache/Compressed.ddp not found, will not use a pak cache.
[2021.01.29-19.28.40:553][  0]LogDerivedDataCache: Unable to find inner node CompressedPak for hierarchical cache Hierarchy.
[2021.01.29-19.28.40:563][  0]LogDerivedDataCache: Display: Pak cache opened for reading ../../../Engine/DerivedDataCache/Compressed.ddp.
[2021.01.29-19.28.40:563][  0]LogDerivedDataCache: FDerivedDataBackendGraph:  EnterprisePak pak cache file ../../../Enterprise/DerivedDataCache/Compressed.ddp not found, will not use a pak cache.
[2021.01.29-19.28.40:563][  0]LogDerivedDataCache: Unable to find inner node EnterprisePak for hierarchical cache Hierarchy.
[2021.01.29-19.28.40:575][  0]LogDerivedDataCache: Using Local data cache path C:/Users/terry/AppData/Local/UnrealEngine/Common/DerivedDataCache: Writable
[2021.01.29-19.28.40:575][  0]LogDerivedDataCache: Shared data cache path not found in *engine.ini, will not use an Shared cache.
[2021.01.29-19.28.40:575][  0]LogDerivedDataCache: Unable to find inner node Shared for hierarchical cache Hierarchy.
[2021.01.29-19.28.40:592][  0]LogMaterial: Verifying Global Shaders for PCD3D_SM5
[2021.01.29-19.28.40:593][  0]LogSlate: Using FreeType 2.6.0
[2021.01.29-19.28.40:593][  0]LogSlate: SlateFontServices - WITH_FREETYPE: 1, WITH_HARFBUZZ: 1
[2021.01.29-19.28.40:673][  0]LogAssetRegistry: FAssetRegistry took 0.0313 seconds to start up
[2021.01.29-19.28.40:959][  0]LogInit: Selected Device Profile: [Windows]
[2021.01.29-19.28.41:070][  0]LogMeshReduction: Using QuadricMeshReduction for automatic static mesh reduction
[2021.01.29-19.28.41:070][  0]LogMeshReduction: Using SimplygonMeshReduction for automatic skeletal mesh reduction
[2021.01.29-19.28.41:070][  0]LogMeshReduction: Using ProxyLODMeshReduction for automatic mesh merging
[2021.01.29-19.28.41:070][  0]LogMeshReduction: No distributed automatic mesh merging module available
[2021.01.29-19.28.41:070][  0]LogMeshMerging: No distributed automatic mesh merging module available
[2021.01.29-19.28.41:084][  0]LogNetVersion: GGJ_2021 1.0.0, NetCL: 5660361, EngineNetVer: 10, GameNetVer: 0 (Checksum: 2230058747)
[2021.01.29-19.28.41:406][  0]LogPackageLocalizationCache: Processed 10 localized package path(s) for 1 prioritized culture(s) in 0.030729 seconds
[2021.01.29-19.28.41:411][  0]LogUObjectArray: 42205 objects as part of root set at end of initial load.
[2021.01.29-19.28.41:411][  0]LogUObjectAllocator: 7325032 out of 0 bytes used by permanent object pool.
[2021.01.29-19.28.41:411][  0]LogUObjectArray: CloseDisregardForGC: 0/0 objects in disregard for GC pool
[2021.01.29-19.28.42:197][  0]LogTcpMessaging: Initializing TcpMessaging bridge
[2021.01.29-19.28.42:209][  0]LogUdpMessaging: Initializing bridge on interface 0.0.0.0:0 to multicast group 230.0.0.1:6666.
[2021.01.29-19.28.42:349][  0]SourceControl: Source control is disabled
[2021.01.29-19.28.42:349][  0]SourceControl: Source control is disabled
[2021.01.29-19.28.42:352][  0]SourceControl: Source control is disabled
[2021.01.29-19.28.42:354][  0]SourceControl: Source control is disabled
[2021.01.29-19.28.42:451][  0]LogAndroidPermission: UAndroidPermissionCallbackProxy::GetInstance
[2021.01.29-19.28.42:664][  0]LogOcInput: OculusInput pre-init called
[2021.01.29-19.28.43:310][  0]LogEngine: Initializing Engine...
[2021.01.29-19.28.43:311][  0]LogHMD: Failed to initialize OpenVR with code 110
[2021.01.29-19.28.43:311][  0]LogStats: UGameplayTagsManager::InitializeManager -  0.000 s
[2021.01.29-19.28.43:476][  0]LogInit: Initializing FReadOnlyCVARCache
[2021.01.29-19.28.43:485][  0]LogAIModule: Creating AISystem for world Untitled
[2021.01.29-19.28.43:537][  0]LogInit: XAudio2 using 'Headset Earphone (Corsair VOID PRO USB Gaming Headset)' : 6 channels at 48 kHz using 16 bits per sample (channel mask 0x3f)
[2021.01.29-19.28.43:664][  0]LogInit: FAudioDevice initialized.
[2021.01.29-19.28.43:664][  0]LogNetVersion: Set ProjectVersion to 1.0.0.0. Version Checksum will be recalculated on next use.
[2021.01.29-19.28.43:776][  0]LogDerivedDataCache: Saved boot cache 0.11s 71MB C:/Users/terry/AppData/Local/UnrealEngine/4.22/DerivedDataCache/Boot.ddc.
[2021.01.29-19.28.43:781][  0]LogInit: Texture streaming: Enabled
[2021.01.29-19.28.43:794][  0]LogEngineSessionManager: EngineSessionManager initialized
[2021.01.29-19.28.43:809][  0]LogInit: Transaction tracking system initialized
[2021.01.29-19.28.43:825][  0]BlueprintLog: New page: Editor Load
[2021.01.29-19.28.43:880][  0]LocalizationService: Localization service is disabled
[2021.01.29-19.28.44:145][  0]LogFileCache: Scanning file cache for directory 'C:/Users/terry/Desktop/GGJ 21/GGJ_2021/Content/' took 0.01s
[2021.01.29-19.28.44:145][  0]LogCook: Display: Max memory allowance for cook 16384mb min free memory 0mb
[2021.01.29-19.28.44:145][  0]LogCook: Display: Mobile HDR setting 1
[2021.01.29-19.28.44:286][  0]SourceControl: Source control is disabled
[2021.01.29-19.28.44:286][  0]Cmd: MAP LOAD FILE="C:/Users/terry/Desktop/GGJ 21/GGJ_2021/Content/Levels/Tech_Test.umap" TEMPLATE=0 SHOWPROGRESS=1 FEATURELEVEL=3
[2021.01.29-19.28.44:286][  0]LightingResults: New page: Lighting Build
[2021.01.29-19.28.44:288][  0]MapCheck: New page: Map Check
[2021.01.29-19.28.44:288][  0]LightingResults: New page: Lighting Build
[2021.01.29-19.28.44:306][  0]LogUObjectHash: Compacting FUObjectHashTables data took   1.13ms
[2021.01.29-19.28.44:501][  0]LogAIModule: Creating AISystem for world Tech_Test
[2021.01.29-19.28.44:507][  0]LogEditorServer: Finished looking for orphan Actors (0.000 secs)
[2021.01.29-19.28.44:528][  0]LogUObjectHash: Compacting FUObjectHashTables data took   1.69ms
[2021.01.29-19.28.44:528][  0]Cmd: MAP CHECKDEP NOCLEARLOG
[2021.01.29-19.28.44:528][  0]MapCheck: Map check complete: 0 Error(s), 0 Warning(s), took 0.116ms to complete.
[2021.01.29-19.28.44:528][  0]LogFileHelpers: Loading map 'Tech_Test' took 0.242
[2021.01.29-19.28.44:613][  0]LogSlate: Updating window title bar state: overlay mode, drag disabled, window buttons hidden, title bar hidden
[2021.01.29-19.28.44:618][  0]LogSlate: Updating window title bar state: overlay mode, drag disabled, window buttons hidden, title bar hidden
[2021.01.29-19.28.44:623][  0]LogSlate: Updating window title bar state: overlay mode, drag disabled, window buttons hidden, title bar hidden
[2021.01.29-19.28.44:628][  0]LogSlate: Updating window title bar state: overlay mode, drag disabled, window buttons hidden, title bar hidden
[2021.01.29-19.28.44:632][  0]LogCollectionManager: Loaded 0 collections in 0.000816 seconds
[2021.01.29-19.28.44:647][  0]LogFileCache: Scanning file cache for directory 'C:/Users/terry/Desktop/GGJ 21/GGJ_2021/Saved/Collections/' took 0.01s
[2021.01.29-19.28.44:647][  0]LogFileCache: Scanning file cache for directory 'C:/Users/terry/Desktop/GGJ 21/GGJ_2021/Content/Developers/terry/Collections/' took 0.00s
[2021.01.29-19.28.44:647][  0]LogFileCache: Scanning file cache for directory 'C:/Users/terry/Desktop/GGJ 21/GGJ_2021/Content/Collections/' took 0.00s
[2021.01.29-19.28.44:647][  0]LogCollectionManager: Rebuilt the GUID cache for 0 collections in 0.000000 seconds
[2021.01.29-19.28.44:653][  0]LogContentBrowser: Native class hierarchy populated in 0.0062 seconds. Added 2732 classes and 659 folders.
[2021.01.29-19.28.44:657][  0]LogContentBrowser: Native class hierarchy updated for 'WidgetCarousel' in 0.0002 seconds. Added 0 classes and 0 folders.
[2021.01.29-19.28.44:658][  0]LogPakFile: Registered encryption key '00000000000000000000000000000000': 0 pak files mounted, 0 remain pending
[2021.01.29-19.28.44:659][  0]LogPakFile: Registered encryption key '00000000000000000000000000000000': 0 pak files mounted, 0 remain pending
[2021.01.29-19.28.44:659][  0]LogPakFile: Registered encryption key '00000000000000000000000000000000': 0 pak files mounted, 0 remain pending
[2021.01.29-19.28.44:660][  0]LogPakFile: Registered encryption key '00000000000000000000000000000000': 0 pak files mounted, 0 remain pending
[2021.01.29-19.28.44:660][  0]LogPakFile: Registered encryption key '00000000000000000000000000000000': 0 pak files mounted, 0 remain pending
[2021.01.29-19.28.44:661][  0]LogPakFile: Registered encryption key '00000000000000000000000000000000': 0 pak files mounted, 0 remain pending
[2021.01.29-19.28.44:661][  0]LogPakFile: Registered encryption key '00000000000000000000000000000000': 0 pak files mounted, 0 remain pending
[2021.01.29-19.28.44:662][  0]LogPakFile: Registered encryption key '00000000000000000000000000000000': 0 pak files mounted, 0 remain pending
[2021.01.29-19.28.44:662][  0]LogPakFile: Registered encryption key '00000000000000000000000000000000': 0 pak files mounted, 0 remain pending
[2021.01.29-19.28.44:663][  0]LogPakFile: Registered encryption key '00000000000000000000000000000000': 0 pak files mounted, 0 remain pending
[2021.01.29-19.28.44:663][  0]LogPakFile: Registered encryption key '00000000000000000000000000000000': 0 pak files mounted, 0 remain pending
[2021.01.29-19.28.44:664][  0]LogPakFile: Registered encryption key '00000000000000000000000000000000': 0 pak files mounted, 0 remain pending
[2021.01.29-19.28.44:664][  0]LogPakFile: Registered encryption key '00000000000000000000000000000000': 0 pak files mounted, 0 remain pending
[2021.01.29-19.28.44:665][  0]LogPakFile: Registered encryption key '00000000000000000000000000000000': 0 pak files mounted, 0 remain pending
[2021.01.29-19.28.44:665][  0]LogPakFile: Registered encryption key '00000000000000000000000000000000': 0 pak files mounted, 0 remain pending
[2021.01.29-19.28.44:666][  0]LogPakFile: Registered encryption key '00000000000000000000000000000000': 0 pak files mounted, 0 remain pending
[2021.01.29-19.28.44:666][  0]LogPakFile: Registered encryption key '00000000000000000000000000000000': 0 pak files mounted, 0 remain pending
[2021.01.29-19.28.44:667][  0]LogPakFile: Registered encryption key '00000000000000000000000000000000': 0 pak files mounted, 0 remain pending
[2021.01.29-19.28.44:667][  0]LogPakFile: Registered encryption key '00000000000000000000000000000000': 0 pak files mounted, 0 remain pending
[2021.01.29-19.28.44:668][  0]LogPakFile: Registered encryption key '00000000000000000000000000000000': 0 pak files mounted, 0 remain pending
[2021.01.29-19.28.44:668][  0]LogPakFile: Registered encryption key '00000000000000000000000000000000': 0 pak files mounted, 0 remain pending
[2021.01.29-19.28.44:669][  0]LogPakFile: Registered encryption key '00000000000000000000000000000000': 0 pak files mounted, 0 remain pending
[2021.01.29-19.28.44:669][  0]LogPakFile: Registered encryption key '00000000000000000000000000000000': 0 pak files mounted, 0 remain pending
[2021.01.29-19.28.44:670][  0]LogPakFile: Registered encryption key '00000000000000000000000000000000': 0 pak files mounted, 0 remain pending
[2021.01.29-19.28.44:670][  0]LogPakFile: Registered encryption key '00000000000000000000000000000000': 0 pak files mounted, 0 remain pending
[2021.01.29-19.28.44:671][  0]LogPakFile: Registered encryption key '00000000000000000000000000000000': 0 pak files mounted, 0 remain pending
[2021.01.29-19.28.44:705][  0]LogContentBrowser: Native class hierarchy updated for 'AddContentDialog' in 0.0002 seconds. Added 0 classes and 0 folders.
[2021.01.29-19.28.44:708][  0]LogContentBrowser: Native class hierarchy updated for 'SceneOutliner' in 0.0002 seconds. Added 1 classes and 2 folders.
[2021.01.29-19.28.44:719][  0]LogSlate: Took 0.000147 seconds to synchronously load lazily loaded font '../../../Engine/Content/Slate/Fonts/Roboto-Regular.ttf' (155K)
[2021.01.29-19.28.44:721][  0]LogSlate: Took 0.000183 seconds to synchronously load lazily loaded font '../../../Engine/Content/Slate/Fonts/Roboto-Bold.ttf' (160K)
[2021.01.29-19.28.44:726][  0]LogSlate: Took 0.000163 seconds to synchronously load lazily loaded font '../../../Engine/Content/Editor/Slate/Fonts/FontAwesome.ttf' (139K)
[2021.01.29-19.28.44:777][  0]LogRenderer: Reallocating scene render targets to support 1208x572 Format 10 NumSamples 1 (Frame:1).
[2021.01.29-19.28.44:863][  0]LogContentBrowser: Native class hierarchy updated for 'HierarchicalLODOutliner' in 0.0002 seconds. Added 0 classes and 0 folders.
[2021.01.29-19.28.44:863][  0]LogLoad: (Engine Initialization) Total time: 8.21 seconds
[2021.01.29-19.28.44:863][  0]LogLoad: (Engine Initialization) Total Blueprint compile time: 0.00 seconds
[2021.01.29-19.28.44:893][  0]LogAssetRegistry: Asset discovery search completed in 4.2424 seconds
[2021.01.29-19.28.44:895][  0]LogCollectionManager: Rebuilt the object cache for 0 collections in 0.000000 seconds (found 0 objects)
[2021.01.29-19.28.44:895][  0]LogCollectionManager: Fixed up redirectors for 0 collections in 0.000036 seconds (updated 0 objects)
[2021.01.29-19.28.44:896][  0]LogContentStreaming: Texture pool size now 1000 MB
[2021.01.29-19.28.44:916][  0]LogSlate: Took 0.000151 seconds to synchronously load lazily loaded font '../../../Engine/Content/Slate/Fonts/Roboto-Light.ttf' (167K)
[2021.01.29-19.28.46:780][183]LogSlate: FSceneViewport::OnFocusLost() reason 0
[2021.01.29-19.29.09:296][873]LogMaterial: Display: Missing cached shader map for material Hold_2, compiling. 
[2021.01.29-19.29.10:808][ 49]LogMaterial: Display: Missing cached shader map for material Hold_3, compiling. 
[2021.01.29-19.29.14:180][448]LogMaterial: Display: Missing cached shader map for material Hold_4, compiling. 
[2021.01.29-19.29.16:223][684]LogMaterial: Display: Missing cached shader map for material Hold_5, compiling. 
[2021.01.29-19.29.22:938][477]LogSlate: Took 0.000198 seconds to synchronously load lazily loaded font '../../../Engine/Content/Slate/Fonts/Roboto-Light.ttf' (167K)
[2021.01.29-19.29.22:969][477]Cmd: OBJ SAVEPACKAGE PACKAGE="/Game/Art/Hold_2" FILE="C:/Users/terry/Desktop/GGJ 21/GGJ_2021/Content/Art/Hold_2.uasset" SILENT=true
[2021.01.29-19.29.22:982][477]LogSavePackage: Moving 'C:/Users/terry/Desktop/GGJ 21/GGJ_2021/Saved/Hold_2853CE1FA4E0243CC70EB2E81DC2CC0C1.tmp' to 'C:/Users/terry/Desktop/GGJ 21/GGJ_2021/Content/Art/Hold_2.uasset'
[2021.01.29-19.29.23:048][477]LogUObjectHash: Compacting FUObjectHashTables data took   0.76ms
[2021.01.29-19.29.23:068][477]LogUObjectHash: Compacting FUObjectHashTables data took   0.97ms
[2021.01.29-19.29.23:084][477]LogUObjectHash: Compacting FUObjectHashTables data took   0.42ms
[2021.01.29-19.29.25:969][815]Cmd: OBJ SAVEPACKAGE PACKAGE="/Game/Audio/Hold_3" FILE="C:/Users/terry/Desktop/GGJ 21/GGJ_2021/Content/Audio/Hold_3.uasset" SILENT=true
[2021.01.29-19.29.25:982][815]LogSavePackage: Moving 'C:/Users/terry/Desktop/GGJ 21/GGJ_2021/Saved/Hold_3BB3C91F94C3721CE298D89B38AA34554.tmp' to 'C:/Users/terry/Desktop/GGJ 21/GGJ_2021/Content/Audio/Hold_3.uasset'
[2021.01.29-19.29.26:044][815]LogUObjectHash: Compacting FUObjectHashTables data took   0.43ms
[2021.01.29-19.29.26:063][815]LogUObjectHash: Compacting FUObjectHashTables data took   0.88ms
[2021.01.29-19.29.26:079][815]LogUObjectHash: Compacting FUObjectHashTables data took   0.42ms
[2021.01.29-19.29.28:920][150]Cmd: OBJ SAVEPACKAGE PACKAGE="/Game/FX/Hold_4" FILE="C:/Users/terry/Desktop/GGJ 21/GGJ_2021/Content/FX/Hold_4.uasset" SILENT=true
[2021.01.29-19.29.28:933][150]LogSavePackage: Moving 'C:/Users/terry/Desktop/GGJ 21/GGJ_2021/Saved/Hold_4ACC2A0894EC919133C0F9F88D30217C8.tmp' to 'C:/Users/terry/Desktop/GGJ 21/GGJ_2021/Content/FX/Hold_4.uasset'
[2021.01.29-19.29.28:999][150]LogUObjectHash: Compacting FUObjectHashTables data took   0.43ms
[2021.01.29-19.29.29:018][150]LogUObjectHash: Compacting FUObjectHashTables data took   1.05ms
[2021.01.29-19.29.29:035][150]LogUObjectHash: Compacting FUObjectHashTables data took   0.42ms
[2021.01.29-19.29.31:894][487]Cmd: OBJ SAVEPACKAGE PACKAGE="/Game/Tech/Hold_5" FILE="C:/Users/terry/Desktop/GGJ 21/GGJ_2021/Content/Tech/Hold_5.uasset" SILENT=true
[2021.01.29-19.29.31:907][487]LogSavePackage: Moving 'C:/Users/terry/Desktop/GGJ 21/GGJ_2021/Saved/Hold_5EEDF0884419BF16FFB15AE93D7461768.tmp' to 'C:/Users/terry/Desktop/GGJ 21/GGJ_2021/Content/Tech/Hold_5.uasset'
[2021.01.29-19.29.31:968][487]LogUObjectHash: Compacting FUObjectHashTables data took   0.42ms
[2021.01.29-19.29.31:986][487]LogUObjectHash: Compacting FUObjectHashTables data took   1.04ms
[2021.01.29-19.29.32:003][487]LogUObjectHash: Compacting FUObjectHashTables data took   0.42ms
[2021.01.29-19.29.33:740][692]Cmd: OBJ SAVEPACKAGE PACKAGE="/Game/Levels/Tech_Test" FILE="C:/Users/terry/Desktop/GGJ 21/GGJ_2021/Content/Levels/Tech_Test.umap" SILENT=true AUTOSAVING=false KEEPDIRTY=false
[2021.01.29-19.29.33:757][692]LogUObjectHash: Compacting FUObjectHashTables data took   0.42ms
[2021.01.29-19.29.33:851][692]LogSavePackage: Moving 'C:/Users/terry/Desktop/GGJ 21/GGJ_2021/Saved/Tech_Test5B461DCE4BDDF912AACBA198BF3F02FA.tmp' to 'C:/Users/terry/Desktop/GGJ 21/GGJ_2021/Content/Levels/Tech_Test.umap'
[2021.01.29-19.29.33:871][692]Cmd: OBJ SAVEPACKAGE PACKAGE="/Game/Levels/Tech_Test_BuiltData" FILE="C:/Users/terry/Desktop/GGJ 21/GGJ_2021/Content/Levels/Tech_Test_BuiltData.uasset" SILENT=true
[2021.01.29-19.29.34:002][692]LogSavePackage: Moving 'C:/Users/terry/Desktop/GGJ 21/GGJ_2021/Saved/Tech_Test_BuiltData835FD2E74B5822AD4049848DDAD9AF67.tmp' to 'C:/Users/terry/Desktop/GGJ 21/GGJ_2021/Content/Levels/Tech_Test_BuiltData.uasset'
[2021.01.29-19.29.36:055][934]LogUObjectHash: Compacting FUObjectHashTables data took   0.96ms
[2021.01.29-19.29.36:071][934]Cmd: OBJ SAVEPACKAGE PACKAGE="/Game/Animation/Hold_1" FILE="C:/Users/terry/Desktop/GGJ 21/GGJ_2021/Content/Animation/Hold_1.uasset" SILENT=true
[2021.01.29-19.29.36:084][934]LogSavePackage: Moving 'C:/Users/terry/Desktop/GGJ 21/GGJ_2021/Saved/Hold_191AE2C804DB5FB916668E7803E0BBD83.tmp' to 'C:/Users/terry/Desktop/GGJ 21/GGJ_2021/Content/Animation/Hold_1.uasset'
[2021.01.29-19.29.37:239][ 70]LogUObjectHash: Compacting FUObjectHashTables data took   0.43ms
[2021.01.29-19.29.37:287][ 70]LogSlate: Window 'GGJ_2021 - Unreal Editor' being destroyed
[2021.01.29-19.29.37:288][ 70]LogWindowsTextInputMethodSystem: Display: IME system now deactivated.
[2021.01.29-19.29.37:471][ 71]Cmd: QUIT_EDITOR
[2021.01.29-19.29.37:501][ 71]LogExit: Preparing to exit.
[2021.01.29-19.29.38:291][ 71]LogExit: Editor shut down
[2021.01.29-19.29.38:291][ 71]LogExit: Transaction tracking system shut down
[2021.01.29-19.29.38:413][ 71]LogExit: Object subsystem successfully closed.
[2021.01.29-19.29.38:426][ 71]LogShaderCompilers: Display: Shaders left to compile 0
[2021.01.29-19.29.38:428][ 71]LogD3D11RHI: Shutdown
[2021.01.29-19.29.38:428][ 71]LogD3D11RHI: CleanupD3DDevice
[2021.01.29-19.29.38:429][ 71]LogRendererCore: FGlobalReadBuffer::ReleaseRHI
[2021.01.29-19.29.38:429][ 71]LogRendererCore: FGlobalDynamicReadBuffer::Cleanup()
[2021.01.29-19.29.38:429][ 71]LogRendererCore: FGlobalReadBuffer::ReleaseRHI
[2021.01.29-19.29.38:429][ 71]LogRendererCore: FGlobalDynamicReadBuffer::Cleanup()
[2021.01.29-19.29.38:429][ 71]LogRendererCore: FGlobalReadBuffer::ReleaseRHI
[2021.01.29-19.29.38:429][ 71]LogRendererCore: FGlobalDynamicReadBuffer::Cleanup()
[2021.01.29-19.29.38:471][ 71]LogD3D11RHI: ~FD3D11DynamicRHI
[2021.01.29-19.29.38:510][ 71]LogModuleManager: Shutting down and abandoning module HierarchicalLODOutliner (642)
[2021.01.29-19.29.38:510][ 71]LogModuleManager: Shutting down and abandoning module SceneOutliner (640)
[2021.01.29-19.29.38:510][ 71]LogModuleManager: Shutting down and abandoning module AddContentDialog (638)
[2021.01.29-19.29.38:510][ 71]LogModuleManager: Shutting down and abandoning module WidgetCarousel (637)
[2021.01.29-19.29.38:510][ 71]LogModuleManager: Shutting down and abandoning module EditorWidgets (634)
[2021.01.29-19.29.38:510][ 71]LogModuleManager: Shutting down and abandoning module CollectionManager (632)
[2021.01.29-19.29.38:510][ 71]LogModuleManager: Shutting down and abandoning module StatsViewer (630)
[2021.01.29-19.29.38:510][ 71]LogModuleManager: Shutting down and abandoning module FoliageEdit (628)
[2021.01.29-19.29.38:510][ 71]LogModuleManager: Shutting down and abandoning module LandscapeEditor (626)
[2021.01.29-19.29.38:510][ 71]LogModuleManager: Shutting down and abandoning module MeshPaintMode (624)
[2021.01.29-19.29.38:510][ 71]LogModuleManager: Shutting down and abandoning module SceneDepthPickerMode (622)
[2021.01.29-19.29.38:510][ 71]LogModuleManager: Shutting down and abandoning module ActorPickerMode (620)
[2021.01.29-19.29.38:510][ 71]LogModuleManager: Shutting down and abandoning module GeometryMode (618)
[2021.01.29-19.29.38:510][ 71]LogModuleManager: Shutting down and abandoning module TextureAlignMode (616)
[2021.01.29-19.29.38:510][ 71]LogModuleManager: Shutting down and abandoning module BspMode (614)
[2021.01.29-19.29.38:510][ 71]LogModuleManager: Shutting down and abandoning module PIEPreviewDeviceProfileSelector (612)
[2021.01.29-19.29.38:510][ 71]LogModuleManager: Shutting down and abandoning module SequenceRecorderSections (610)
[2021.01.29-19.29.38:510][ 71]LogModuleManager: Shutting down and abandoning module AutomationWorker (608)
[2021.01.29-19.29.38:510][ 71]LogModuleManager: Shutting down and abandoning module OculusMR (606)
[2021.01.29-19.29.38:510][ 71]LogModuleManager: Shutting down and abandoning module AudioCaptureEditor (604)
[2021.01.29-19.29.38:510][ 71]LogModuleManager: Shutting down and abandoning module MatineeToLevelSequence (602)
[2021.01.29-19.29.38:510][ 71]LogModuleManager: Shutting down and abandoning module LevelSequenceEditor (600)
[2021.01.29-19.29.38:511][ 71]LogModuleManager: Shutting down and abandoning module PlacementMode (599)
[2021.01.29-19.29.38:511][ 71]LogModuleManager: Shutting down and abandoning module MaterialEditor (598)
[2021.01.29-19.29.38:511][ 71]LogModuleManager: Shutting down and abandoning module ActorSequenceEditor (594)
[2021.01.29-19.29.38:511][ 71]LogModuleManager: Shutting down and abandoning module WmfMediaFactory (592)
[2021.01.29-19.29.38:511][ 71]LogModuleManager: Shutting down and abandoning module WmfMediaEditor (590)
[2021.01.29-19.29.38:511][ 71]LogModuleManager: Shutting down and abandoning module WebMMediaFactory (588)
[2021.01.29-19.29.38:511][ 71]LogModuleManager: Shutting down and abandoning module WebMMediaEditor (586)
[2021.01.29-19.29.38:511][ 71]LogModuleManager: Shutting down and abandoning module WebMMedia (584)
[2021.01.29-19.29.38:511][ 71]LogModuleManager: Shutting down and abandoning module MediaPlayerEditor (582)
[2021.01.29-19.29.38:511][ 71]LogModuleManager: Shutting down and abandoning module MediaCompositingEditor (580)
[2021.01.29-19.29.38:511][ 71]LogModuleManager: Shutting down and abandoning module SequenceRecorder (579)
[2021.01.29-19.29.38:511][ 71]LogModuleManager: Shutting down and abandoning module OpenExrWrapper (576)
[2021.01.29-19.29.38:511][ 71]LogModuleManager: Shutting down and abandoning module ImgMediaFactory (574)
[2021.01.29-19.29.38:511][ 71]LogModuleManager: Shutting down and abandoning module ImgMediaEditor (572)
[2021.01.29-19.29.38:511][ 71]LogModuleManager: Shutting down and abandoning module AvfMediaFactory (570)
[2021.01.29-19.29.38:511][ 71]LogModuleManager: Shutting down and abandoning module AvfMediaEditor (568)
[2021.01.29-19.29.38:511][ 71]LogModuleManager: Shutting down and abandoning module AndroidMediaFactory (566)
[2021.01.29-19.29.38:511][ 71]LogModuleManager: Shutting down and abandoning module AndroidMediaEditor (564)
[2021.01.29-19.29.38:511][ 71]LogModuleManager: Shutting down and abandoning module MagicLeapCameraPreviewFactory (562)
[2021.01.29-19.29.38:511][ 71]LogModuleManager: Shutting down and abandoning module MagicLeapMediaCodecFactory (560)
[2021.01.29-19.29.38:511][ 71]LogModuleManager: Shutting down and abandoning module MagicLeapMediaFactory (558)
[2021.01.29-19.29.38:511][ 71]LogModuleManager: Shutting down and abandoning module MagicLeapMediaEditor (556)
[2021.01.29-19.29.38:511][ 71]LogModuleManager: Shutting down and abandoning module CharacterAI (554)
[2021.01.29-19.29.38:511][ 71]LogModuleManager: Shutting down and abandoning module SmartSnapping (552)
[2021.01.29-19.29.38:511][ 71]LogModuleManager: Shutting down and abandoning module SessionServices (550)
[2021.01.29-19.29.38:511][ 71]LogModuleManager: Shutting down and abandoning module MeshPaint (548)
[2021.01.29-19.29.38:511][ 71]LogModuleManager: Shutting down and abandoning module ViewportSnapping (546)
[2021.01.29-19.29.38:511][ 71]LogModuleManager: Shutting down and abandoning module ViewportInteraction (544)
[2021.01.29-19.29.38:511][ 71]LogModuleManager: Shutting down and abandoning module ClothPainter (542)
[2021.01.29-19.29.38:511][ 71]LogModuleManager: Shutting down and abandoning module SkeletalMeshEditor (541)
[2021.01.29-19.29.38:511][ 71]LogModuleManager: Shutting down and abandoning module LogVisualizer (538)
[2021.01.29-19.29.38:511][ 71]LogModuleManager: Shutting down and abandoning module IntroTutorials (536)
[2021.01.29-19.29.38:511][ 71]LogModuleManager: Shutting down and abandoning module GameProjectGeneration (535)
[2021.01.29-19.29.38:511][ 71]LogModuleManager: Shutting down and abandoning module LuminPlatformEditor (532)
[2021.01.29-19.29.38:511][ 71]LogModuleManager: Shutting down and abandoning module IOSPlatformEditor (530)
[2021.01.29-19.29.38:511][ 71]LogModuleManager: Shutting down and abandoning module HTML5PlatformEditor (528)
[2021.01.29-19.29.38:511][ 71]LogModuleManager: Shutting down and abandoning module AndroidPlatformEditor (526)
[2021.01.29-19.29.38:511][ 71]LogModuleManager: Shutting down and abandoning module AndroidDeviceDetection (525)
[2021.01.29-19.29.38:979][ 71]LogModuleManager: Shutting down and abandoning module WindowsPlatformEditor (522)
[2021.01.29-19.29.38:979][ 71]LogModuleManager: Shutting down and abandoning module LuminRuntimeSettings (520)
[2021.01.29-19.29.38:979][ 71]LogModuleManager: Shutting down and abandoning module IOSRuntimeSettings (518)
[2021.01.29-19.29.38:979][ 71]LogModuleManager: Shutting down and abandoning module AndroidRuntimeSettings (516)
[2021.01.29-19.29.38:979][ 71]LogModuleManager: Shutting down and abandoning module TimeManagementEditor (514)
[2021.01.29-19.29.38:979][ 71]LogModuleManager: Shutting down and abandoning module InputBindingEditor (512)
[2021.01.29-19.29.38:979][ 71]LogModuleManager: Shutting down and abandoning module MergeActors (510)
[2021.01.29-19.29.38:979][ 71]LogModuleManager: Shutting down and abandoning module LocalizationDashboard (508)
[2021.01.29-19.29.38:979][ 71]LogModuleManager: Shutting down and abandoning module LocalizationService (507)
[2021.01.29-19.29.38:979][ 71]LogModuleManager: Shutting down and abandoning module HardwareTargeting (504)
[2021.01.29-19.29.38:979][ 71]LogModuleManager: Shutting down and abandoning module DeviceProfileEditor (502)
[2021.01.29-19.29.38:979][ 71]LogModuleManager: Shutting down and abandoning module UndoHistory (500)
[2021.01.29-19.29.38:979][ 71]LogModuleManager: Shutting down and abandoning module XmlParser (498)
[2021.01.29-19.29.38:979][ 71]LogModuleManager: Shutting down and abandoning module Blutility (496)
[2021.01.29-19.29.38:980][ 71]LogModuleManager: Shutting down and abandoning module ProjectSettingsViewer (494)
[2021.01.29-19.29.38:980][ 71]LogModuleManager: Shutting down and abandoning module ProjectTargetPlatformEditor (493)
[2021.01.29-19.29.38:980][ 71]LogModuleManager: Shutting down and abandoning module EditorSettingsViewer (490)
[2021.01.29-19.29.38:980][ 71]LogModuleManager: Shutting down and abandoning module SettingsEditor (488)
[2021.01.29-19.29.38:980][ 71]LogModuleManager: Shutting down and abandoning module ProjectLauncher (486)
[2021.01.29-19.29.38:980][ 71]LogModuleManager: Shutting down and abandoning module SessionFrontend (484)
[2021.01.29-19.29.38:980][ 71]LogModuleManager: Shutting down and abandoning module ProfilerClient (482)
[2021.01.29-19.29.38:980][ 71]LogModuleManager: Shutting down and abandoning module DeviceManager (480)
[2021.01.29-19.29.38:980][ 71]LogModuleManager: Shutting down and abandoning module TargetDeviceServices (479)
[2021.01.29-19.29.39:024][ 71]LogModuleManager: Shutting down and abandoning module AutomationController (476)
[2021.01.29-19.29.39:024][ 71]LogModuleManager: Shutting down and abandoning module AutomationWindow (474)
[2021.01.29-19.29.39:024][ 71]LogModuleManager: Shutting down and abandoning module Layers (472)
[2021.01.29-19.29.39:024][ 71]LogModuleManager: Shutting down and abandoning module ComponentVisualizers (470)
[2021.01.29-19.29.39:024][ 71]LogModuleManager: Shutting down and abandoning module DetailCustomizations (468)
[2021.01.29-19.29.39:024][ 71]LogModuleManager: Shutting down and abandoning module PackagesDialog (466)
[2021.01.29-19.29.39:024][ 71]LogModuleManager: Shutting down and abandoning module AnimationBlueprintEditor (464)
[2021.01.29-19.29.39:024][ 71]LogModuleManager: Shutting down and abandoning module Persona (462)
[2021.01.29-19.29.39:024][ 71]LogModuleManager: Shutting down and abandoning module AdvancedPreviewScene (461)
[2021.01.29-19.29.39:025][ 71]LogModuleManager: Shutting down and abandoning module AnimGraph (459)
[2021.01.29-19.29.39:025][ 71]LogModuleManager: Shutting down and abandoning module Kismet (456)
[2021.01.29-19.29.39:025][ 71]LogModuleManager: Shutting down and abandoning module GraphEditor (454)
[2021.01.29-19.29.39:025][ 71]LogModuleManager: Shutting down and abandoning module ClassViewer (452)
[2021.01.29-19.29.39:025][ 71]LogModuleManager: Shutting down and abandoning module Toolbox (450)
[2021.01.29-19.29.39:025][ 71]LogModuleManager: Shutting down and abandoning module ModuleUI (448)
[2021.01.29-19.29.39:025][ 71]LogModuleManager: Shutting down and abandoning module MovieSceneTools (446)
[2021.01.29-19.29.39:026][ 71]LogModuleManager: Shutting down and abandoning module OutputLog (444)
[2021.01.29-19.29.39:026][ 71]LogModuleManager: Shutting down and abandoning module GammaUI (442)
[2021.01.29-19.29.39:026][ 71]LogModuleManager: Shutting down and abandoning module Documentation (440)
[2021.01.29-19.29.39:026][ 71]LogModuleManager: Shutting down and abandoning module LiveCoding (438)
[2021.01.29-19.29.39:026][ 71]LogModuleManager: Shutting down and abandoning module LevelSequence (436)
[2021.01.29-19.29.39:026][ 71]LogModuleManager: Shutting down and abandoning module MovieSceneTracks (434)
[2021.01.29-19.29.39:026][ 71]LogModuleManager: Shutting down and abandoning module MovieScene (432)
[2021.01.29-19.29.39:026][ 71]LogModuleManager: Shutting down and abandoning module StreamingPauseRendering (430)
[2021.01.29-19.29.39:026][ 71]LogModuleManager: Shutting down and abandoning module LauncherPlatform (428)
[2021.01.29-19.29.39:026][ 71]LogModuleManager: Shutting down and abandoning module AnalyticsET (426)
[2021.01.29-19.29.39:026][ 71]LogModuleManager: Shutting down and abandoning module PortalServices (424)
[2021.01.29-19.29.39:026][ 71]LogModuleManager: Shutting down and abandoning module PortalRpc (422)
[2021.01.29-19.29.39:026][ 71]LogModuleManager: Shutting down and abandoning module MessagingRpc (420)
[2021.01.29-19.29.39:026][ 71]LogModuleManager: Shutting down and abandoning module AIModule (418)
[2021.01.29-19.29.39:026][ 71]LogModuleManager: Shutting down and abandoning module GameplayDebugger (417)
[2021.01.29-19.29.39:026][ 71]LogModuleManager: Shutting down and abandoning module AITestSuite (415)
[2021.01.29-19.29.39:027][ 71]LogModuleManager: Shutting down and abandoning module NavigationSystem (413)
[2021.01.29-19.29.39:027][ 71]LogModuleManager: Shutting down and abandoning module DesktopPlatform (410)
[2021.01.29-19.29.39:027][ 71]LogModuleManager: Shutting down and abandoning module ImageWriteQueue (408)
[2021.01.29-19.29.39:032][ 71]LogModuleManager: Shutting down and abandoning module ProfilerService (406)
[2021.01.29-19.29.39:059][ 71]LogModuleManager: Shutting down and abandoning module TaskGraph (404)
[2021.01.29-19.29.39:059][ 71]LogModuleManager: Shutting down and abandoning module SteamVRController (402)
[2021.01.29-19.29.39:059][ 71]LogModuleManager: Shutting down and abandoning module ProceduralMeshComponentEditor (400)
[2021.01.29-19.29.39:059][ 71]LogModuleManager: Shutting down and abandoning module ProceduralMeshComponent (398)
[2021.01.29-19.29.39:059][ 71]LogModuleManager: Shutting down and abandoning module OculusEditor (396)
[2021.01.29-19.29.39:059][ 71]LogModuleManager: Shutting down and abandoning module OculusInput (394)
[2021.01.29-19.29.39:059][ 71]LogModuleManager: Shutting down and abandoning module MobilePatchingUtils (392)
[2021.01.29-19.29.39:059][ 71]LogModuleManager: Shutting down and abandoning module EditableMesh (390)
[2021.01.29-19.29.39:059][ 71]LogModuleManager: Shutting down and abandoning module CustomMeshComponent (388)
[2021.01.29-19.29.39:059][ 71]LogModuleManager: Shutting down and abandoning module CableComponent (386)
[2021.01.29-19.29.39:059][ 71]LogModuleManager: Shutting down and abandoning module AudioCapture (384)
[2021.01.29-19.29.39:060][ 71]LogModuleManager: Shutting down and abandoning module ArchVisCharacter (382)
[2021.01.29-19.29.39:060][ 71]LogModuleManager: Shutting down and abandoning module AndroidPermission (380)
[2021.01.29-19.29.39:060][ 71]LogModuleManager: Shutting down and abandoning module NUTUnrealEngine4 (378)
[2021.01.29-19.29.39:060][ 71]LogModuleManager: Shutting down and abandoning module NetcodeUnitTest (376)
[2021.01.29-19.29.39:060][ 71]LogModuleManager: Shutting down and abandoning module MediaCompositing (374)
[2021.01.29-19.29.39:060][ 71]LogModuleManager: Shutting down and abandoning module LinearTimecode (372)
[2021.01.29-19.29.39:060][ 71]LogModuleManager: Shutting down and abandoning module ImgMedia (370)
[2021.01.29-19.29.39:060][ 71]LogModuleManager: Shutting down and abandoning module MagicLeapHelperVulkan (368)
[2021.01.29-19.29.39:060][ 71]LogModuleManager: Shutting down and abandoning module MagicLeapHelperOpenGL (366)
[2021.01.29-19.29.39:060][ 71]LogModuleManager: Shutting down and abandoning module MagicLeapAudio (364)
[2021.01.29-19.29.39:060][ 71]LogModuleManager: Shutting down and abandoning module HTML5Networking (362)
[2021.01.29-19.29.39:060][ 71]LogModuleManager: Shutting down and abandoning module GeometryCacheTracks (360)
[2021.01.29-19.29.39:060][ 71]LogModuleManager: Shutting down and abandoning module GeometryCacheSequencer (358)
[2021.01.29-19.29.39:060][ 71]LogModuleManager: Shutting down and abandoning module BackChannel (356)
[2021.01.29-19.29.39:060][ 71]LogModuleManager: Shutting down and abandoning module AppleVision (354)
[2021.01.29-19.29.39:060][ 71]LogModuleManager: Shutting down and abandoning module AppleImageUtilsBlueprintSupport (352)
[2021.01.29-19.29.39:060][ 71]LogModuleManager: Shutting down and abandoning module AppleImageUtils (350)
[2021.01.29-19.29.39:061][ 71]LogModuleManager: Shutting down and abandoning module AlembicImporter (348)
[2021.01.29-19.29.39:061][ 71]LogModuleManager: Shutting down and abandoning module AlembicLibrary (347)
[2021.01.29-19.29.39:061][ 71]LogModuleManager: Shutting down and abandoning module GeometryCache (346)
[2021.01.29-19.29.39:061][ 71]LogModuleManager: Shutting down and abandoning module GeometryCacheEd (345)
[2021.01.29-19.29.39:061][ 71]LogModuleManager: Shutting down and abandoning module VariantManagerContent (340)
[2021.01.29-19.29.39:061][ 71]LogModuleManager: Shutting down and abandoning module DatasmithContentEditor (338)
[2021.01.29-19.29.39:061][ 71]LogModuleManager: Shutting down and abandoning module SpeedTreeImporter (336)
[2021.01.29-19.29.39:061][ 71]LogModuleManager: Shutting down and abandoning module PluginBrowser (334)
[2021.01.29-19.29.39:061][ 71]LogModuleManager: Shutting down and abandoning module MobileLauncherProfileWizard (332)
[2021.01.29-19.29.39:061][ 71]LogModuleManager: Shutting down and abandoning module MaterialAnalyzer (330)
[2021.01.29-19.29.39:061][ 71]LogModuleManager: Shutting down and abandoning module CryptoKeysOpenSSL (328)
[2021.01.29-19.29.39:061][ 71]LogModuleManager: Shutting down and abandoning module CryptoKeys (326)
[2021.01.29-19.29.39:061][ 71]LogModuleManager: Shutting down and abandoning module VisualStudioSourceCodeAccess (324)
[2021.01.29-19.29.39:061][ 71]LogModuleManager: Shutting down and abandoning module VisualStudioCodeSourceCodeAccess (322)
[2021.01.29-19.29.39:061][ 71]LogModuleManager: Shutting down and abandoning module UObjectPlugin (320)
[2021.01.29-19.29.39:061][ 71]LogModuleManager: Shutting down and abandoning module SubversionSourceControl (318)
[2021.01.29-19.29.39:061][ 71]LogModuleManager: Shutting down and abandoning module PerforceSourceControl (316)
[2021.01.29-19.29.39:061][ 71]LogModuleManager: Shutting down and abandoning module GitSourceControl (314)
[2021.01.29-19.29.39:062][ 71]LogModuleManager: Shutting down and abandoning module SourceControl (313)
[2021.01.29-19.29.39:062][ 71]LogModuleManager: Shutting down and abandoning module CLionSourceCodeAccess (310)
[2021.01.29-19.29.39:062][ 71]LogModuleManager: Shutting down and abandoning module AnimationSharingEd (308)
[2021.01.29-19.29.39:062][ 71]LogModuleManager: Shutting down and abandoning module ActorLayerUtilitiesEditor (306)
[2021.01.29-19.29.39:062][ 71]LogModuleManager: Shutting down and abandoning module ActorLayerUtilities (304)
[2021.01.29-19.29.39:062][ 71]LogModuleManager: Shutting down and abandoning module LightPropagationVolumeEditor (302)
[2021.01.29-19.29.39:062][ 71]LogModuleManager: Shutting down and abandoning module PaperTiledImporter (300)
[2021.01.29-19.29.39:062][ 71]LogModuleManager: Shutting down and abandoning module PaperSpriteSheetImporter (298)
[2021.01.29-19.29.39:062][ 71]LogModuleManager: Shutting down and abandoning module Paper2DEditor (296)
[2021.01.29-19.29.39:062][ 71]LogModuleManager: Shutting down and abandoning module SignificanceManager (294)
[2021.01.29-19.29.39:062][ 71]LogModuleManager: Shutting down and abandoning module RuntimePhysXCooking (292)
[2021.01.29-19.29.39:062][ 71]LogModuleManager: Shutting down and abandoning module PhysXVehiclesEditor (290)
[2021.01.29-19.29.39:062][ 71]LogModuleManager: Shutting down and abandoning module PhysXVehicles (288)
[2021.01.29-19.29.39:062][ 71]LogModuleManager: Shutting down and abandoning module LocationServicesBPLibrary (286)
[2021.01.29-19.29.39:062][ 71]LogModuleManager: Shutting down and abandoning module ActorSequence (284)
[2021.01.29-19.29.39:062][ 71]LogModuleManager: Shutting down and abandoning module UdpMessaging (282)
[2021.01.29-19.29.39:163][ 71]LogModuleManager: Shutting down and abandoning module TcpMessaging (280)
[2021.01.29-19.29.39:264][ 71]LogModuleManager: Shutting down and abandoning module MagicLeapIdentity (278)
[2021.01.29-19.29.39:264][ 71]LogModuleManager: Shutting down and abandoning module MagicLeapSecureStorage (276)
[2021.01.29-19.29.39:264][ 71]LogModuleManager: Shutting down and abandoning module MagicLeapHandTracking (274)
[2021.01.29-19.29.39:264][ 71]LogModuleManager: Shutting down and abandoning module MagicLeapEyeTracker (272)
[2021.01.29-19.29.39:264][ 71]LogModuleManager: Shutting down and abandoning module MagicLeapController (270)
[2021.01.29-19.29.39:264][ 71]LogSlate: Slate User Destroyed.  User Index 0, Is Virtual User: 0
[2021.01.29-19.29.39:264][ 71]LogModuleManager: Shutting down and abandoning module MagicLeapAR (268)
[2021.01.29-19.29.39:264][ 71]LogModuleManager: Shutting down and abandoning module AugmentedReality (267)
[2021.01.29-19.29.39:264][ 71]LogModuleManager: Shutting down and abandoning module GameplayTagsEditor (264)
[2021.01.29-19.29.39:264][ 71]LogModuleManager: Shutting down and abandoning module FacialAnimationEditor (262)
[2021.01.29-19.29.39:264][ 71]LogModuleManager: Shutting down and abandoning module FacialAnimation (260)
[2021.01.29-19.29.39:264][ 71]LogModuleManager: Shutting down and abandoning module DataValidation (258)
[2021.01.29-19.29.39:264][ 71]LogModuleManager: Shutting down and abandoning module AssetManagerEditor (256)
[2021.01.29-19.29.39:265][ 71]LogModuleManager: Shutting down and abandoning module LevelEditor (255)
[2021.01.29-19.29.39:266][ 71]LogModuleManager: Shutting down and abandoning module PixelInspectorModule (254)
[2021.01.29-19.29.39:266][ 71]LogModuleManager: Shutting down and abandoning module CommonMenuExtensions (252)
[2021.01.29-19.29.39:266][ 71]LogModuleManager: Shutting down and abandoning module MainFrame (250)
[2021.01.29-19.29.39:266][ 71]LogModuleManager: Shutting down and abandoning module HotReload (249)
[2021.01.29-19.29.39:267][ 71]LogModuleManager: Shutting down and abandoning module ContentBrowser (245)
[2021.01.29-19.29.39:268][ 71]LogModuleManager: Shutting down and abandoning module TreeMap (243)
[2021.01.29-19.29.39:269][ 71]LogModuleManager: Shutting down and abandoning module AnimationSharing (240)
[2021.01.29-19.29.39:269][ 71]LogModuleManager: Shutting down and abandoning module LightPropagationVolumeRuntime (238)
[2021.01.29-19.29.39:269][ 71]LogModuleManager: Shutting down and abandoning module AISupportModule (236)
[2021.01.29-19.29.39:269][ 71]LogModuleManager: Shutting down and abandoning module Paper2D (234)
[2021.01.29-19.29.39:269][ 71]LogModuleManager: Shutting down and abandoning module WindowsMoviePlayer (232)
[2021.01.29-19.29.39:269][ 71]LogModuleManager: Shutting down and abandoning module WebMMoviePlayer (230)
[2021.01.29-19.29.39:269][ 71]LogModuleManager: Shutting down and abandoning module PacketHandler (228)
[2021.01.29-19.29.39:269][ 71]LogModuleManager: Shutting down and abandoning module ClothingSystemEditor (226)
[2021.01.29-19.29.39:269][ 71]LogModuleManager: Shutting down and abandoning module ClothingSystemRuntime (224)
[2021.01.29-19.29.39:269][ 71]LogModuleManager: Shutting down and abandoning module MediaAssets (222)
[2021.01.29-19.29.39:269][ 71]LogModuleManager: Shutting down and abandoning module Overlay (220)
[2021.01.29-19.29.39:269][ 71]LogModuleManager: Shutting down and abandoning module OverlayEditor (219)
[2021.01.29-19.29.39:270][ 71]LogModuleManager: Shutting down and abandoning module VREditor (216)
[2021.01.29-19.29.39:270][ 71]LogModuleManager: Shutting down and abandoning module StringTableEditor (214)
[2021.01.29-19.29.39:270][ 71]LogModuleManager: Shutting down and abandoning module GameplayTasksEditor (212)
[2021.01.29-19.29.39:270][ 71]LogModuleManager: Shutting down and abandoning module BehaviorTreeEditor (210)
[2021.01.29-19.29.39:270][ 71]LogModuleManager: Shutting down and abandoning module FunctionalTesting (208)
[2021.01.29-19.29.39:270][ 71]LogModuleManager: Shutting down and abandoning module CollisionAnalyzer (206)
[2021.01.29-19.29.39:270][ 71]LogModuleManager: Shutting down and abandoning module WorkspaceMenuStructure (205)
[2021.01.29-19.29.39:270][ 71]LogModuleManager: Shutting down and abandoning module UMG (202)
[2021.01.29-19.29.39:270][ 71]LogModuleManager: Shutting down and abandoning module UMGEditor (201)
[2021.01.29-19.29.39:270][ 71]LogModuleManager: Shutting down and abandoning module Sequencer (200)
[2021.01.29-19.29.39:271][ 71]LogModuleManager: Shutting down and abandoning module MessageLog (197)
[2021.01.29-19.29.39:271][ 71]LogModuleManager: Shutting down and abandoning module SlateReflector (192)
[2021.01.29-19.29.39:271][ 71]LogModuleManager: Shutting down and abandoning module Slate (190)
[2021.01.29-19.29.39:271][ 71]LogModuleManager: Shutting down and abandoning module EditorStyle (188)
[2021.01.29-19.29.39:274][ 71]LogModuleManager: Shutting down and abandoning module UnrealEd (186)
[2021.01.29-19.29.39:274][ 71]LogModuleManager: Shutting down and abandoning module MRMesh (184)
[2021.01.29-19.29.39:274][ 71]LogModuleManager: Shutting down and abandoning module SourceCodeAccess (182)
[2021.01.29-19.29.39:274][ 71]LogModuleManager: Shutting down and abandoning module HeadMountedDisplay (180)
[2021.01.29-19.29.39:274][ 71]LogModuleManager: Shutting down and abandoning module XAudio2 (178)
[2021.01.29-19.29.39:274][ 71]LogModuleManager: Shutting down and abandoning module Networking (176)
[2021.01.29-19.29.39:274][ 71]LogModuleManager: Shutting down and abandoning module Core (174)
[2021.01.29-19.29.39:274][ 71]LogModuleManager: Shutting down and abandoning module KismetCompiler (172)
[2021.01.29-19.29.39:275][ 71]LogModuleManager: Shutting down and abandoning module MeshUtilities (170)
[2021.01.29-19.29.39:275][ 71]LogModuleManager: Shutting down and abandoning module MeshMergeUtilities (169)
[2021.01.29-19.29.39:275][ 71]LogModuleManager: Shutting down and abandoning module MeshReductionInterface (168)
[2021.01.29-19.29.39:275][ 71]LogModuleManager: Shutting down and abandoning module SkeletalMeshReduction (167)
[2021.01.29-19.29.39:275][ 71]LogModuleManager: Shutting down and abandoning module ProxyLODMeshReduction (165)
[2021.01.29-19.29.39:275][ 71]LogModuleManager: Shutting down and abandoning module QuadricMeshReduction (163)
[2021.01.29-19.29.39:275][ 71]LogModuleManager: Shutting down and abandoning module MaterialBaking (159)
[2021.01.29-19.29.39:275][ 71]LogModuleManager: Shutting down and abandoning module DerivedDataCache (154)
[2021.01.29-19.29.39:616][ 71]LogDerivedDataCache: Shutdown
[2021.01.29-19.29.39:616][ 71]LogModuleManager: Shutting down and abandoning module XGEController (152)
[2021.01.29-19.29.39:616][ 71]LogXGEController: Cleaning working directory: C:/Users/terry/AppData/Local/Temp/UnrealXGEWorkingDir/
[2021.01.29-19.29.39:617][ 71]LogModuleManager: Shutting down and abandoning module TargetPlatform (150)
[2021.01.29-19.29.39:617][ 71]LogModuleManager: Shutting down and abandoning module VulkanShaderFormat (149)
[2021.01.29-19.29.39:617][ 71]LogModuleManager: Shutting down and abandoning module ShaderFormatVectorVM (147)
[2021.01.29-19.29.39:617][ 71]LogModuleManager: Shutting down and abandoning module ShaderFormatOpenGL (145)
[2021.01.29-19.29.39:617][ 71]LogModuleManager: Shutting down and abandoning module ShaderFormatD3D (143)
[2021.01.29-19.29.39:617][ 71]LogModuleManager: Shutting down and abandoning module MetalShaderFormat (141)
[2021.01.29-19.29.39:617][ 71]LogModuleManager: Shutting down and abandoning module TextureFormatUncompressed (139)
[2021.01.29-19.29.39:617][ 71]LogModuleManager: Shutting down and abandoning module TextureFormatPVR (137)
[2021.01.29-19.29.39:617][ 71]LogModuleManager: Shutting down and abandoning module TextureFormatDXT (135)
[2021.01.29-19.29.39:617][ 71]LogModuleManager: Shutting down and abandoning module TextureFormatIntelISPCTexComp (133)
[2021.01.29-19.29.39:617][ 71]LogModuleManager: Shutting down and abandoning module TextureFormatASTC (131)
[2021.01.29-19.29.39:617][ 71]LogModuleManager: Shutting down and abandoning module ImageWrapper (130)
[2021.01.29-19.29.39:617][ 71]LogModuleManager: Shutting down and abandoning module TextureFormatAndroid (127)
[2021.01.29-19.29.39:617][ 71]LogModuleManager: Shutting down and abandoning module AudioFormatOpus (125)
[2021.01.29-19.29.39:617][ 71]LogModuleManager: Shutting down and abandoning module AudioFormatOgg (123)
[2021.01.29-19.29.39:617][ 71]LogModuleManager: Shutting down and abandoning module AudioFormatADPCM (121)
[2021.01.29-19.29.39:617][ 71]LogModuleManager: Shutting down and abandoning module LuminTargetPlatform (119)
[2021.01.29-19.29.39:618][ 71]LogModuleManager: Shutting down and abandoning module LinuxTargetPlatform (117)
[2021.01.29-19.29.39:618][ 71]LogModuleManager: Shutting down and abandoning module LinuxServerTargetPlatform (115)
[2021.01.29-19.29.39:618][ 71]LogModuleManager: Shutting down and abandoning module LinuxNoEditorTargetPlatform (113)
[2021.01.29-19.29.39:618][ 71]LogModuleManager: Shutting down and abandoning module LinuxClientTargetPlatform (111)
[2021.01.29-19.29.39:618][ 71]LogModuleManager: Shutting down and abandoning module TVOSTargetPlatform (109)
[2021.01.29-19.29.39:619][ 71]LogModuleManager: Shutting down and abandoning module Messaging (107)
[2021.01.29-19.29.39:619][ 71]LogModuleManager: Shutting down and abandoning module IOSTargetPlatform (105)
[2021.01.29-19.29.39:619][ 71]LogModuleManager: Shutting down and abandoning module HTML5TargetPlatform (103)
[2021.01.29-19.29.39:619][ 71]LogModuleManager: Shutting down and abandoning module AndroidTargetPlatform (101)
[2021.01.29-19.29.39:625][ 71]LogModuleManager: Shutting down and abandoning module WindowsTargetPlatform (99)
[2021.01.29-19.29.39:625][ 71]LogModuleManager: Shutting down and abandoning module WindowsServerTargetPlatform (97)
[2021.01.29-19.29.39:625][ 71]LogModuleManager: Shutting down and abandoning module WindowsNoEditorTargetPlatform (95)
[2021.01.29-19.29.39:625][ 71]LogModuleManager: Shutting down and abandoning module WindowsClientTargetPlatform (93)
[2021.01.29-19.29.39:625][ 71]LogModuleManager: Shutting down and abandoning module MacTargetPlatform (91)
[2021.01.29-19.29.39:625][ 71]LogModuleManager: Shutting down and abandoning module MacServerTargetPlatform (89)
[2021.01.29-19.29.39:625][ 71]LogModuleManager: Shutting down and abandoning module MacNoEditorTargetPlatform (87)
[2021.01.29-19.29.39:625][ 71]LogModuleManager: Shutting down and abandoning module MacClientTargetPlatform (85)
[2021.01.29-19.29.39:625][ 71]LogModuleManager: Shutting down and abandoning module AllDesktopTargetPlatform (83)
[2021.01.29-19.29.39:625][ 71]LogModuleManager: Shutting down and abandoning module InputCore (80)
[2021.01.29-19.29.39:625][ 71]LogModuleManager: Shutting down and abandoning module Settings (78)
[2021.01.29-19.29.39:625][ 71]LogModuleManager: Shutting down and abandoning module DirectoryWatcher (76)
[2021.01.29-19.29.39:625][ 71]LogModuleManager: Shutting down and abandoning module PhysXCooking (74)
[2021.01.29-19.29.39:625][ 71]LogModuleManager: Shutting down and abandoning module SteamVR (72)
[2021.01.29-19.29.39:626][ 71]LogHMD: Freeing OpenVRDLLHandle.
[2021.01.29-19.29.39:626][ 71]LogModuleManager: Shutting down and abandoning module OculusHMD (70)
[2021.01.29-19.29.39:626][ 71]LogModuleManager: Shutting down and abandoning module ExampleDeviceProfileSelector (68)
[2021.01.29-19.29.39:626][ 71]LogModuleManager: Shutting down and abandoning module LauncherChunkInstaller (66)
[2021.01.29-19.29.39:626][ 71]LogModuleManager: Shutting down and abandoning module OnlineBlueprintSupport (64)
[2021.01.29-19.29.39:626][ 71]LogModuleManager: Shutting down and abandoning module OnlineSubsystem (60)
[2021.01.29-19.29.39:627][ 71]LogModuleManager: Shutting down and abandoning module XMPP (55)
[2021.01.29-19.29.39:627][ 71]LogModuleManager: Shutting down and abandoning module WebSockets (54)
[2021.01.29-19.29.39:661][ 71]LogModuleManager: Shutting down and abandoning module HTTP (51)
[2021.01.29-19.29.39:661][ 71]LogHttp: Display: Http module shutting down, but needs to wait on 1 outstanding Http requests:
[2021.01.29-19.29.39:661][ 71]LogHttp: Display: 	verb=[POST] url=[https://datarouter.ol.epicgames.com/datarouter/api/v1/public/data?SessionID=%7B5167A866-4533-DC29-82E8-D7A9806584B3%7D&AppID=UEEditor.Rocket.Release&AppVersion=4.22.3-7053642%2B%2B%2BUE4%2BRelease-4.22&UserID=64a3ad1845880d081175bc95e74f959e%7Cbfbd76201217404cb7ae765e2c7f0eee%7C1582980e-ce55-4d56-97bc-4df046ea44be&AppEnvironment=datacollector-binary&UploadType=eteventstream] status=Processing
[2021.01.29-19.29.39:678][ 71]LogModuleManager: Shutting down and abandoning module SSL (50)
[2021.01.29-19.29.39:679][ 71]LogModuleManager: Shutting down and abandoning module WmfMedia (46)
[2021.01.29-19.29.39:681][ 71]LogModuleManager: Shutting down and abandoning module Media (45)
[2021.01.29-19.29.39:687][ 71]LogModuleManager: Shutting down and abandoning module MagicLeap (42)
[2021.01.29-19.29.39:687][ 71]LogModuleManager: Shutting down and abandoning module DatasmithContent (40)
[2021.01.29-19.29.39:687][ 71]LogModuleManager: Shutting down and abandoning module AnimationModifiers (38)
[2021.01.29-19.29.39:687][ 71]LogModuleManager: Shutting down and abandoning module PropertyEditor (37)
[2021.01.29-19.29.39:688][ 71]LogModuleManager: Shutting down and abandoning module AudioEditor (34)
[2021.01.29-19.29.39:688][ 71]LogModuleManager: Shutting down and abandoning module TextureCompressor (32)
[2021.01.29-19.29.39:688][ 71]LogModuleManager: Shutting down and abandoning module RenderCore (30)
[2021.01.29-19.29.39:688][ 71]LogModuleManager: Shutting down and abandoning module Landscape (28)
[2021.01.29-19.29.39:688][ 71]LogModuleManager: Shutting down and abandoning module SlateRHIRenderer (26)
[2021.01.29-19.29.39:688][ 71]LogModuleManager: Shutting down and abandoning module OpenGLDrv (24)
[2021.01.29-19.29.39:688][ 71]LogModuleManager: Shutting down and abandoning module D3D11RHI (22)
[2021.01.29-19.29.39:688][ 71]LogModuleManager: Shutting down and abandoning module AnimGraphRuntime (20)
[2021.01.29-19.29.39:688][ 71]LogModuleManager: Shutting down and abandoning module Renderer (18)
[2021.01.29-19.29.39:688][ 71]LogModuleManager: Shutting down and abandoning module Engine (16)
[2021.01.29-19.29.39:688][ 71]LogModuleManager: Shutting down and abandoning module CoreUObject (14)
[2021.01.29-19.29.39:688][ 71]LogModuleManager: Shutting down and abandoning module NetworkFile (12)
[2021.01.29-19.29.39:688][ 71]LogModuleManager: Shutting down and abandoning module CookedIterativeFile (10)
[2021.01.29-19.29.39:688][ 71]LogModuleManager: Shutting down and abandoning module StreamingFile (8)
[2021.01.29-19.29.39:688][ 71]LogModuleManager: Shutting down and abandoning module SandboxFile (6)
[2021.01.29-19.29.39:688][ 71]LogModuleManager: Shutting down and abandoning module PakFile (4)
[2021.01.29-19.29.39:688][ 71]LogModuleManager: Shutting down and abandoning module RSA (3)
[2021.01.29-19.29.39:694][ 71]LogExit: Exiting.
[2021.01.29-19.29.39:716][ 71]Log file closed, 01/29/21 19:29:39
